The target system is: Windows - 1 - i686
The host system is: Linux - 2.6.32-38-generic - i686
Compiling the C compiler identification source file "CMakeCCompilerId.c" succeeded.
Compiler: /opt/mingw32/bin/i686-w64-mingw32-gcc 
Build flags: 
Id flags: 

The output was:
0


Compilation of the C compiler identification source "CMakeCCompilerId.c" produced "a.exe"

The C compiler identification is GNU, found in "/home/npt/Desktop/veritable-2.0.0/b/CMakeFiles/CompilerIdC/a.exe"

Compiling the CXX compiler identification source file "CMakeCXXCompilerId.cpp" succeeded.
Compiler: /opt/mingw32/bin/i686-w64-mingw32-g++ 
Build flags: 
Id flags: 

The output was:
0
CMakeCXXCompilerId.cpp:73:58: warning: deprecated conversion from string constant to 'char*'
CMakeCXXCompilerId.cpp:163:58: warning: deprecated conversion from string constant to 'char*'


Compilation of the CXX compiler identification source "CMakeCXXCompilerId.cpp" produced "a.exe"

The CXX compiler identification is GNU, found in "/home/npt/Desktop/veritable-2.0.0/b/CMakeFiles/CompilerIdCXX/a.exe"

Determining if the C compiler works passed with the following output:
Change Dir: /home/npt/Desktop/veritable-2.0.0/b/CMakeFiles/CMakeTmp

Run Build Command:/usr/bin/make "cmTryCompileExec/fast"
/usr/bin/make -f CMakeFiles/cmTryCompileExec.dir/build.make CMakeFiles/cmTryCompileExec.dir/build
make[1]: Entering directory `/home/npt/Desktop/veritable-2.0.0/b/CMakeFiles/CMakeTmp'
/usr/bin/cmake -E cmake_progress_report /home/npt/Desktop/veritable-2.0.0/b/CMakeFiles/CMakeTmp/CMakeFiles 1
Building C object CMakeFiles/cmTryCompileExec.dir/testCCompiler.c.obj
/opt/mingw32/bin/i686-w64-mingw32-gcc   -I/opt/mingw32/include   -o CMakeFiles/cmTryCompileExec.dir/testCCompiler.c.obj   -c /home/npt/Desktop/veritable-2.0.0/b/CMakeFiles/CMakeTmp/testCCompiler.c
Linking C executable cmTryCompileExec.exe
/usr/bin/cmake -E cmake_link_script CMakeFiles/cmTryCompileExec.dir/link.txt --verbose=1
/opt/mingw32/bin/i686-w64-mingw32-gcc        CMakeFiles/cmTryCompileExec.dir/testCCompiler.c.obj  -o cmTryCompileExec.exe -Wl,--out-implib,libcmTryCompileExec.dll.a -Wl,--major-image-version,0,--minor-image-version,0  -L/opt/mingw32/lib -L/opt/mingw32/bin -lkernel32 -luser32 -lgdi32 -lwinspool -lshell32 -lole32 -loleaut32 -luuid -lcomdlg32 -ladvapi32 
make[1]: Leaving directory `/home/npt/Desktop/veritable-2.0.0/b/CMakeFiles/CMakeTmp'


Detecting C compiler ABI info compiled with the following output:
Change Dir: /home/npt/Desktop/veritable-2.0.0/b/CMakeFiles/CMakeTmp

Run Build Command:/usr/bin/make "cmTryCompileExec/fast"
/usr/bin/make -f CMakeFiles/cmTryCompileExec.dir/build.make CMakeFiles/cmTryCompileExec.dir/build
make[1]: Entering directory `/home/npt/Desktop/veritable-2.0.0/b/CMakeFiles/CMakeTmp'
/usr/bin/cmake -E cmake_progress_report /home/npt/Desktop/veritable-2.0.0/b/CMakeFiles/CMakeTmp/CMakeFiles 1
Building C object CMakeFiles/cmTryCompileExec.dir/CMakeCCompilerABI.c.obj
/opt/mingw32/bin/i686-w64-mingw32-gcc   -I/opt/mingw32/include   -o CMakeFiles/cmTryCompileExec.dir/CMakeCCompilerABI.c.obj   -c /usr/share/cmake-2.8/Modules/CMakeCCompilerABI.c
Linking C executable cmTryCompileExec.exe
/usr/bin/cmake -E cmake_link_script CMakeFiles/cmTryCompileExec.dir/link.txt --verbose=1
/opt/mingw32/bin/i686-w64-mingw32-gcc       -v CMakeFiles/cmTryCompileExec.dir/CMakeCCompilerABI.c.obj  -o cmTryCompileExec.exe -Wl,--out-implib,libcmTryCompileExec.dll.a -Wl,--major-image-version,0,--minor-image-version,0  -L/opt/mingw32/lib -L/opt/mingw32/bin  
Using built-in specs.
COLLECT_GCC=/opt/mingw32/bin/i686-w64-mingw32-gcc
COLLECT_LTO_WRAPPER=/opt/mingw32/libexec/gcc/i686-w64-mingw32/4.5.4/lto-wrapper
Target: i686-w64-mingw32
Configured with: '/build/buildd/mingw-x-gcc-4.5.4~snapshot/BUILD/gcc/configure' --prefix=/opt/mingw32 --target=i686-w64-mingw32 --build=i486-linux-gnu --host=i486-linux-gnu --enable-fully-dynamic-string --enable-languages=c,c++ --enable-libssp --disable-shared --disable-win32-registry --disable-nls --with-system-zlib --disable-multilib --disable-sjlj-exceptions --with-arch=pentium3 --with-tune=generic
Thread model: win32
gcc version 4.5.4 20120216 (prerelease) (GCC) 
COMPILER_PATH=/opt/mingw32/libexec/gcc/i686-w64-mingw32/4.5.4/:/opt/mingw32/libexec/gcc/i686-w64-mingw32/4.5.4/:/opt/mingw32/libexec/gcc/i686-w64-mingw32/:/opt/mingw32/lib/gcc/i686-w64-mingw32/4.5.4/:/opt/mingw32/lib/gcc/i686-w64-mingw32/:/opt/mingw32/lib/gcc/i686-w64-mingw32/4.5.4/../../../../i686-w64-mingw32/bin/
LIBRARY_PATH=/opt/mingw32/lib/gcc/i686-w64-mingw32/4.5.4/:/opt/mingw32/lib/gcc/i686-w64-mingw32/4.5.4/../../../../i686-w64-mingw32/lib/../lib32/:/opt/mingw32/lib/gcc/i686-w64-mingw32/4.5.4/../../../../i686-w64-mingw32/lib/
COLLECT_GCC_OPTIONS='-v' '-o' 'cmTryCompileExec.exe' '-L/opt/mingw32/lib' '-L/opt/mingw32/bin' '-mtune=generic' '-march=pentium3'
 /opt/mingw32/libexec/gcc/i686-w64-mingw32/4.5.4/collect2 -m i386pe -Bdynamic -o cmTryCompileExec.exe /opt/mingw32/lib/gcc/i686-w64-mingw32/4.5.4/../../../../i686-w64-mingw32/lib/crt2.o /opt/mingw32/lib/gcc/i686-w64-mingw32/4.5.4/crtbegin.o -L/opt/mingw32/lib -L/opt/mingw32/bin -L/opt/mingw32/lib/gcc/i686-w64-mingw32/4.5.4 -L/opt/mingw32/lib/gcc/i686-w64-mingw32/4.5.4/../../../../i686-w64-mingw32/lib/../lib32 -L/opt/mingw32/lib/gcc/i686-w64-mingw32/4.5.4/../../../../i686-w64-mingw32/lib CMakeFiles/cmTryCompileExec.dir/CMakeCCompilerABI.c.obj --out-implib libcmTryCompileExec.dll.a --major-image-version 0 --minor-image-version 0 -lmingw32 -lgcc -lmoldname -lmingwex -lmsvcrt -luser32 -lkernel32 -ladvapi32 -lshell32 -lmingw32 -lgcc -lmoldname -lmingwex -lmsvcrt /opt/mingw32/lib/gcc/i686-w64-mingw32/4.5.4/crtend.o
make[1]: Leaving directory `/home/npt/Desktop/veritable-2.0.0/b/CMakeFiles/CMakeTmp'


Parsed C implicit link information from above output:
  link line regex: [^( *|.*[/\])(i686-w64-mingw32-ld|ld|collect2)[^/\]*( |$)]
  ignore line: [Change Dir: /home/npt/Desktop/veritable-2.0.0/b/CMakeFiles/CMakeTmp]
  ignore line: []
  ignore line: [Run Build Command:/usr/bin/make "cmTryCompileExec/fast"]
  ignore line: [/usr/bin/make -f CMakeFiles/cmTryCompileExec.dir/build.make CMakeFiles/cmTryCompileExec.dir/build]
  ignore line: [make[1]: Entering directory `/home/npt/Desktop/veritable-2.0.0/b/CMakeFiles/CMakeTmp']
  ignore line: [/usr/bin/cmake -E cmake_progress_report /home/npt/Desktop/veritable-2.0.0/b/CMakeFiles/CMakeTmp/CMakeFiles 1]
  ignore line: [Building C object CMakeFiles/cmTryCompileExec.dir/CMakeCCompilerABI.c.obj]
  ignore line: [/opt/mingw32/bin/i686-w64-mingw32-gcc   -I/opt/mingw32/include   -o CMakeFiles/cmTryCompileExec.dir/CMakeCCompilerABI.c.obj   -c /usr/share/cmake-2.8/Modules/CMakeCCompilerABI.c]
  ignore line: [Linking C executable cmTryCompileExec.exe]
  ignore line: [/usr/bin/cmake -E cmake_link_script CMakeFiles/cmTryCompileExec.dir/link.txt --verbose=1]
  ignore line: [/opt/mingw32/bin/i686-w64-mingw32-gcc       -v CMakeFiles/cmTryCompileExec.dir/CMakeCCompilerABI.c.obj  -o cmTryCompileExec.exe -Wl,--out-implib,libcmTryCompileExec.dll.a -Wl,--major-image-version,0,--minor-image-version,0  -L/opt/mingw32/lib -L/opt/mingw32/bin  ]
  ignore line: [Using built-in specs.]
  ignore line: [COLLECT_GCC=/opt/mingw32/bin/i686-w64-mingw32-gcc]
  ignore line: [COLLECT_LTO_WRAPPER=/opt/mingw32/libexec/gcc/i686-w64-mingw32/4.5.4/lto-wrapper]
  ignore line: [Target: i686-w64-mingw32]
  ignore line: [Configured with: '/build/buildd/mingw-x-gcc-4.5.4~snapshot/BUILD/gcc/configure' --prefix=/opt/mingw32 --target=i686-w64-mingw32 --build=i486-linux-gnu --host=i486-linux-gnu --enable-fully-dynamic-string --enable-languages=c,c++ --enable-libssp --disable-shared --disable-win32-registry --disable-nls --with-system-zlib --disable-multilib --disable-sjlj-exceptions --with-arch=pentium3 --with-tune=generic]
  ignore line: [Thread model: win32]
  ignore line: [gcc version 4.5.4 20120216 (prerelease) (GCC) ]
  ignore line: [COMPILER_PATH=/opt/mingw32/libexec/gcc/i686-w64-mingw32/4.5.4/:/opt/mingw32/libexec/gcc/i686-w64-mingw32/4.5.4/:/opt/mingw32/libexec/gcc/i686-w64-mingw32/:/opt/mingw32/lib/gcc/i686-w64-mingw32/4.5.4/:/opt/mingw32/lib/gcc/i686-w64-mingw32/:/opt/mingw32/lib/gcc/i686-w64-mingw32/4.5.4/../../../../i686-w64-mingw32/bin/]
  ignore line: [LIBRARY_PATH=/opt/mingw32/lib/gcc/i686-w64-mingw32/4.5.4/:/opt/mingw32/lib/gcc/i686-w64-mingw32/4.5.4/../../../../i686-w64-mingw32/lib/../lib32/:/opt/mingw32/lib/gcc/i686-w64-mingw32/4.5.4/../../../../i686-w64-mingw32/lib/]
  ignore line: [COLLECT_GCC_OPTIONS='-v' '-o' 'cmTryCompileExec.exe' '-L/opt/mingw32/lib' '-L/opt/mingw32/bin' '-mtune=generic' '-march=pentium3']
  link line: [ /opt/mingw32/libexec/gcc/i686-w64-mingw32/4.5.4/collect2 -m i386pe -Bdynamic -o cmTryCompileExec.exe /opt/mingw32/lib/gcc/i686-w64-mingw32/4.5.4/../../../../i686-w64-mingw32/lib/crt2.o /opt/mingw32/lib/gcc/i686-w64-mingw32/4.5.4/crtbegin.o -L/opt/mingw32/lib -L/opt/mingw32/bin -L/opt/mingw32/lib/gcc/i686-w64-mingw32/4.5.4 -L/opt/mingw32/lib/gcc/i686-w64-mingw32/4.5.4/../../../../i686-w64-mingw32/lib/../lib32 -L/opt/mingw32/lib/gcc/i686-w64-mingw32/4.5.4/../../../../i686-w64-mingw32/lib CMakeFiles/cmTryCompileExec.dir/CMakeCCompilerABI.c.obj --out-implib libcmTryCompileExec.dll.a --major-image-version 0 --minor-image-version 0 -lmingw32 -lgcc -lmoldname -lmingwex -lmsvcrt -luser32 -lkernel32 -ladvapi32 -lshell32 -lmingw32 -lgcc -lmoldname -lmingwex -lmsvcrt /opt/mingw32/lib/gcc/i686-w64-mingw32/4.5.4/crtend.o]
    arg [/opt/mingw32/libexec/gcc/i686-w64-mingw32/4.5.4/collect2] ==> ignore
    arg [-m] ==> ignore
    arg [i386pe] ==> ignore
    arg [-Bdynamic] ==> ignore
    arg [-o] ==> ignore
    arg [cmTryCompileExec.exe] ==> ignore
    arg [/opt/mingw32/lib/gcc/i686-w64-mingw32/4.5.4/../../../../i686-w64-mingw32/lib/crt2.o] ==> ignore
    arg [/opt/mingw32/lib/gcc/i686-w64-mingw32/4.5.4/crtbegin.o] ==> ignore
    arg [-L/opt/mingw32/lib] ==> dir [/opt/mingw32/lib]
    arg [-L/opt/mingw32/bin] ==> dir [/opt/mingw32/bin]
    arg [-L/opt/mingw32/lib/gcc/i686-w64-mingw32/4.5.4] ==> dir [/opt/mingw32/lib/gcc/i686-w64-mingw32/4.5.4]
    arg [-L/opt/mingw32/lib/gcc/i686-w64-mingw32/4.5.4/../../../../i686-w64-mingw32/lib/../lib32] ==> dir [/opt/mingw32/lib/gcc/i686-w64-mingw32/4.5.4/../../../../i686-w64-mingw32/lib/../lib32]
    arg [-L/opt/mingw32/lib/gcc/i686-w64-mingw32/4.5.4/../../../../i686-w64-mingw32/lib] ==> dir [/opt/mingw32/lib/gcc/i686-w64-mingw32/4.5.4/../../../../i686-w64-mingw32/lib]
    arg [CMakeFiles/cmTryCompileExec.dir/CMakeCCompilerABI.c.obj] ==> ignore
    arg [--out-implib] ==> ignore
    arg [libcmTryCompileExec.dll.a] ==> ignore
    arg [--major-image-version] ==> ignore
    arg [0] ==> ignore
    arg [--minor-image-version] ==> ignore
    arg [0] ==> ignore
    arg [-lmingw32] ==> lib [mingw32]
    arg [-lgcc] ==> lib [gcc]
    arg [-lmoldname] ==> lib [moldname]
    arg [-lmingwex] ==> lib [mingwex]
    arg [-lmsvcrt] ==> lib [msvcrt]
    arg [-luser32] ==> lib [user32]
    arg [-lkernel32] ==> lib [kernel32]
    arg [-ladvapi32] ==> lib [advapi32]
    arg [-lshell32] ==> lib [shell32]
    arg [-lmingw32] ==> lib [mingw32]
    arg [-lgcc] ==> lib [gcc]
    arg [-lmoldname] ==> lib [moldname]
    arg [-lmingwex] ==> lib [mingwex]
    arg [-lmsvcrt] ==> lib [msvcrt]
    arg [/opt/mingw32/lib/gcc/i686-w64-mingw32/4.5.4/crtend.o] ==> ignore
  remove lib [gcc]
  remove lib [gcc]
  collapse dir [/opt/mingw32/lib] ==> [/opt/mingw32/lib]
  collapse dir [/opt/mingw32/bin] ==> [/opt/mingw32/bin]
  collapse dir [/opt/mingw32/lib/gcc/i686-w64-mingw32/4.5.4] ==> [/opt/mingw32/lib/gcc/i686-w64-mingw32/4.5.4]
  collapse dir [/opt/mingw32/lib/gcc/i686-w64-mingw32/4.5.4/../../../../i686-w64-mingw32/lib/../lib32] ==> [/opt/mingw32/i686-w64-mingw32/lib32]
  collapse dir [/opt/mingw32/lib/gcc/i686-w64-mingw32/4.5.4/../../../../i686-w64-mingw32/lib] ==> [/opt/mingw32/i686-w64-mingw32/lib]
  implicit libs: [mingw32;moldname;mingwex;msvcrt;user32;kernel32;advapi32;shell32;mingw32;moldname;mingwex;msvcrt]
  implicit dirs: [/opt/mingw32/lib;/opt/mingw32/bin;/opt/mingw32/lib/gcc/i686-w64-mingw32/4.5.4;/opt/mingw32/i686-w64-mingw32/lib32;/opt/mingw32/i686-w64-mingw32/lib]


Determining if the CXX compiler works passed with the following output:
Change Dir: /home/npt/Desktop/veritable-2.0.0/b/CMakeFiles/CMakeTmp

Run Build Command:/usr/bin/make "cmTryCompileExec/fast"
/usr/bin/make -f CMakeFiles/cmTryCompileExec.dir/build.make CMakeFiles/cmTryCompileExec.dir/build
make[1]: Entering directory `/home/npt/Desktop/veritable-2.0.0/b/CMakeFiles/CMakeTmp'
/usr/bin/cmake -E cmake_progress_report /home/npt/Desktop/veritable-2.0.0/b/CMakeFiles/CMakeTmp/CMakeFiles 1
Building CXX object CMakeFiles/cmTryCompileExec.dir/testCXXCompiler.cxx.obj
/opt/mingw32/bin/i686-w64-mingw32-g++    -I/opt/mingw32/include   -o CMakeFiles/cmTryCompileExec.dir/testCXXCompiler.cxx.obj -c /home/npt/Desktop/veritable-2.0.0/b/CMakeFiles/CMakeTmp/testCXXCompiler.cxx
Linking CXX executable cmTryCompileExec.exe
/usr/bin/cmake -E cmake_link_script CMakeFiles/cmTryCompileExec.dir/link.txt --verbose=1
/opt/mingw32/bin/i686-w64-mingw32-g++         CMakeFiles/cmTryCompileExec.dir/testCXXCompiler.cxx.obj  -o cmTryCompileExec.exe -Wl,--out-implib,libcmTryCompileExec.dll.a -Wl,--major-image-version,0,--minor-image-version,0  -L/opt/mingw32/lib -L/opt/mingw32/bin -lkernel32 -luser32 -lgdi32 -lwinspool -lshell32 -lole32 -loleaut32 -luuid -lcomdlg32 -ladvapi32 
make[1]: Leaving directory `/home/npt/Desktop/veritable-2.0.0/b/CMakeFiles/CMakeTmp'


Detecting CXX compiler ABI info compiled with the following output:
Change Dir: /home/npt/Desktop/veritable-2.0.0/b/CMakeFiles/CMakeTmp

Run Build Command:/usr/bin/make "cmTryCompileExec/fast"
/usr/bin/make -f CMakeFiles/cmTryCompileExec.dir/build.make CMakeFiles/cmTryCompileExec.dir/build
make[1]: Entering directory `/home/npt/Desktop/veritable-2.0.0/b/CMakeFiles/CMakeTmp'
/usr/bin/cmake -E cmake_progress_report /home/npt/Desktop/veritable-2.0.0/b/CMakeFiles/CMakeTmp/CMakeFiles 1
Building CXX object CMakeFiles/cmTryCompileExec.dir/CMakeCXXCompilerABI.cpp.obj
/opt/mingw32/bin/i686-w64-mingw32-g++    -I/opt/mingw32/include   -o CMakeFiles/cmTryCompileExec.dir/CMakeCXXCompilerABI.cpp.obj -c /usr/share/cmake-2.8/Modules/CMakeCXXCompilerABI.cpp
Linking CXX executable cmTryCompileExec.exe
/usr/bin/cmake -E cmake_link_script CMakeFiles/cmTryCompileExec.dir/link.txt --verbose=1
/opt/mingw32/bin/i686-w64-mingw32-g++        -v CMakeFiles/cmTryCompileExec.dir/CMakeCXXCompilerABI.cpp.obj  -o cmTryCompileExec.exe -Wl,--out-implib,libcmTryCompileExec.dll.a -Wl,--major-image-version,0,--minor-image-version,0  -L/opt/mingw32/lib -L/opt/mingw32/bin  
Using built-in specs.
COLLECT_GCC=/opt/mingw32/bin/i686-w64-mingw32-g++
COLLECT_LTO_WRAPPER=/opt/mingw32/libexec/gcc/i686-w64-mingw32/4.5.4/lto-wrapper
Target: i686-w64-mingw32
Configured with: '/build/buildd/mingw-x-gcc-4.5.4~snapshot/BUILD/gcc/configure' --prefix=/opt/mingw32 --target=i686-w64-mingw32 --build=i486-linux-gnu --host=i486-linux-gnu --enable-fully-dynamic-string --enable-languages=c,c++ --enable-libssp --disable-shared --disable-win32-registry --disable-nls --with-system-zlib --disable-multilib --disable-sjlj-exceptions --with-arch=pentium3 --with-tune=generic
Thread model: win32
gcc version 4.5.4 20120216 (prerelease) (GCC) 
COMPILER_PATH=/opt/mingw32/libexec/gcc/i686-w64-mingw32/4.5.4/:/opt/mingw32/libexec/gcc/i686-w64-mingw32/4.5.4/:/opt/mingw32/libexec/gcc/i686-w64-mingw32/:/opt/mingw32/lib/gcc/i686-w64-mingw32/4.5.4/:/opt/mingw32/lib/gcc/i686-w64-mingw32/:/opt/mingw32/lib/gcc/i686-w64-mingw32/4.5.4/../../../../i686-w64-mingw32/bin/
LIBRARY_PATH=/opt/mingw32/lib/gcc/i686-w64-mingw32/4.5.4/:/opt/mingw32/lib/gcc/i686-w64-mingw32/4.5.4/../../../../i686-w64-mingw32/lib/../lib32/:/opt/mingw32/lib/gcc/i686-w64-mingw32/4.5.4/../../../../i686-w64-mingw32/lib/
COLLECT_GCC_OPTIONS='-v' '-o' 'cmTryCompileExec.exe' '-L/opt/mingw32/lib' '-L/opt/mingw32/bin' '-mtune=generic' '-march=pentium3'
 /opt/mingw32/libexec/gcc/i686-w64-mingw32/4.5.4/collect2 -m i386pe -Bdynamic -o cmTryCompileExec.exe /opt/mingw32/lib/gcc/i686-w64-mingw32/4.5.4/../../../../i686-w64-mingw32/lib/crt2.o /opt/mingw32/lib/gcc/i686-w64-mingw32/4.5.4/crtbegin.o -L/opt/mingw32/lib -L/opt/mingw32/bin -L/opt/mingw32/lib/gcc/i686-w64-mingw32/4.5.4 -L/opt/mingw32/lib/gcc/i686-w64-mingw32/4.5.4/../../../../i686-w64-mingw32/lib/../lib32 -L/opt/mingw32/lib/gcc/i686-w64-mingw32/4.5.4/../../../../i686-w64-mingw32/lib CMakeFiles/cmTryCompileExec.dir/CMakeCXXCompilerABI.cpp.obj --out-implib libcmTryCompileExec.dll.a --major-image-version 0 --minor-image-version 0 -Bstatic -lstdc++ -Bdynamic -lmingw32 -lgcc -lmoldname -lmingwex -lmsvcrt -luser32 -lkernel32 -ladvapi32 -lshell32 -lmingw32 -lgcc -lmoldname -lmingwex -lmsvcrt /opt/mingw32/lib/gcc/i686-w64-mingw32/4.5.4/crtend.o
make[1]: Leaving directory `/home/npt/Desktop/veritable-2.0.0/b/CMakeFiles/CMakeTmp'


Parsed CXX implicit link information from above output:
  link line regex: [^( *|.*[/\])(i686-w64-mingw32-ld|ld|collect2)[^/\]*( |$)]
  ignore line: [Change Dir: /home/npt/Desktop/veritable-2.0.0/b/CMakeFiles/CMakeTmp]
  ignore line: []
  ignore line: [Run Build Command:/usr/bin/make "cmTryCompileExec/fast"]
  ignore line: [/usr/bin/make -f CMakeFiles/cmTryCompileExec.dir/build.make CMakeFiles/cmTryCompileExec.dir/build]
  ignore line: [make[1]: Entering directory `/home/npt/Desktop/veritable-2.0.0/b/CMakeFiles/CMakeTmp']
  ignore line: [/usr/bin/cmake -E cmake_progress_report /home/npt/Desktop/veritable-2.0.0/b/CMakeFiles/CMakeTmp/CMakeFiles 1]
  ignore line: [Building CXX object CMakeFiles/cmTryCompileExec.dir/CMakeCXXCompilerABI.cpp.obj]
  ignore line: [/opt/mingw32/bin/i686-w64-mingw32-g++    -I/opt/mingw32/include   -o CMakeFiles/cmTryCompileExec.dir/CMakeCXXCompilerABI.cpp.obj -c /usr/share/cmake-2.8/Modules/CMakeCXXCompilerABI.cpp]
  ignore line: [Linking CXX executable cmTryCompileExec.exe]
  ignore line: [/usr/bin/cmake -E cmake_link_script CMakeFiles/cmTryCompileExec.dir/link.txt --verbose=1]
  ignore line: [/opt/mingw32/bin/i686-w64-mingw32-g++        -v CMakeFiles/cmTryCompileExec.dir/CMakeCXXCompilerABI.cpp.obj  -o cmTryCompileExec.exe -Wl,--out-implib,libcmTryCompileExec.dll.a -Wl,--major-image-version,0,--minor-image-version,0  -L/opt/mingw32/lib -L/opt/mingw32/bin  ]
  ignore line: [Using built-in specs.]
  ignore line: [COLLECT_GCC=/opt/mingw32/bin/i686-w64-mingw32-g++]
  ignore line: [COLLECT_LTO_WRAPPER=/opt/mingw32/libexec/gcc/i686-w64-mingw32/4.5.4/lto-wrapper]
  ignore line: [Target: i686-w64-mingw32]
  ignore line: [Configured with: '/build/buildd/mingw-x-gcc-4.5.4~snapshot/BUILD/gcc/configure' --prefix=/opt/mingw32 --target=i686-w64-mingw32 --build=i486-linux-gnu --host=i486-linux-gnu --enable-fully-dynamic-string --enable-languages=c,c++ --enable-libssp --disable-shared --disable-win32-registry --disable-nls --with-system-zlib --disable-multilib --disable-sjlj-exceptions --with-arch=pentium3 --with-tune=generic]
  ignore line: [Thread model: win32]
  ignore line: [gcc version 4.5.4 20120216 (prerelease) (GCC) ]
  ignore line: [COMPILER_PATH=/opt/mingw32/libexec/gcc/i686-w64-mingw32/4.5.4/:/opt/mingw32/libexec/gcc/i686-w64-mingw32/4.5.4/:/opt/mingw32/libexec/gcc/i686-w64-mingw32/:/opt/mingw32/lib/gcc/i686-w64-mingw32/4.5.4/:/opt/mingw32/lib/gcc/i686-w64-mingw32/:/opt/mingw32/lib/gcc/i686-w64-mingw32/4.5.4/../../../../i686-w64-mingw32/bin/]
  ignore line: [LIBRARY_PATH=/opt/mingw32/lib/gcc/i686-w64-mingw32/4.5.4/:/opt/mingw32/lib/gcc/i686-w64-mingw32/4.5.4/../../../../i686-w64-mingw32/lib/../lib32/:/opt/mingw32/lib/gcc/i686-w64-mingw32/4.5.4/../../../../i686-w64-mingw32/lib/]
  ignore line: [COLLECT_GCC_OPTIONS='-v' '-o' 'cmTryCompileExec.exe' '-L/opt/mingw32/lib' '-L/opt/mingw32/bin' '-mtune=generic' '-march=pentium3']
  link line: [ /opt/mingw32/libexec/gcc/i686-w64-mingw32/4.5.4/collect2 -m i386pe -Bdynamic -o cmTryCompileExec.exe /opt/mingw32/lib/gcc/i686-w64-mingw32/4.5.4/../../../../i686-w64-mingw32/lib/crt2.o /opt/mingw32/lib/gcc/i686-w64-mingw32/4.5.4/crtbegin.o -L/opt/mingw32/lib -L/opt/mingw32/bin -L/opt/mingw32/lib/gcc/i686-w64-mingw32/4.5.4 -L/opt/mingw32/lib/gcc/i686-w64-mingw32/4.5.4/../../../../i686-w64-mingw32/lib/../lib32 -L/opt/mingw32/lib/gcc/i686-w64-mingw32/4.5.4/../../../../i686-w64-mingw32/lib CMakeFiles/cmTryCompileExec.dir/CMakeCXXCompilerABI.cpp.obj --out-implib libcmTryCompileExec.dll.a --major-image-version 0 --minor-image-version 0 -Bstatic -lstdc++ -Bdynamic -lmingw32 -lgcc -lmoldname -lmingwex -lmsvcrt -luser32 -lkernel32 -ladvapi32 -lshell32 -lmingw32 -lgcc -lmoldname -lmingwex -lmsvcrt /opt/mingw32/lib/gcc/i686-w64-mingw32/4.5.4/crtend.o]
    arg [/opt/mingw32/libexec/gcc/i686-w64-mingw32/4.5.4/collect2] ==> ignore
    arg [-m] ==> ignore
    arg [i386pe] ==> ignore
    arg [-Bdynamic] ==> ignore
    arg [-o] ==> ignore
    arg [cmTryCompileExec.exe] ==> ignore
    arg [/opt/mingw32/lib/gcc/i686-w64-mingw32/4.5.4/../../../../i686-w64-mingw32/lib/crt2.o] ==> ignore
    arg [/opt/mingw32/lib/gcc/i686-w64-mingw32/4.5.4/crtbegin.o] ==> ignore
    arg [-L/opt/mingw32/lib] ==> dir [/opt/mingw32/lib]
    arg [-L/opt/mingw32/bin] ==> dir [/opt/mingw32/bin]
    arg [-L/opt/mingw32/lib/gcc/i686-w64-mingw32/4.5.4] ==> dir [/opt/mingw32/lib/gcc/i686-w64-mingw32/4.5.4]
    arg [-L/opt/mingw32/lib/gcc/i686-w64-mingw32/4.5.4/../../../../i686-w64-mingw32/lib/../lib32] ==> dir [/opt/mingw32/lib/gcc/i686-w64-mingw32/4.5.4/../../../../i686-w64-mingw32/lib/../lib32]
    arg [-L/opt/mingw32/lib/gcc/i686-w64-mingw32/4.5.4/../../../../i686-w64-mingw32/lib] ==> dir [/opt/mingw32/lib/gcc/i686-w64-mingw32/4.5.4/../../../../i686-w64-mingw32/lib]
    arg [CMakeFiles/cmTryCompileExec.dir/CMakeCXXCompilerABI.cpp.obj] ==> ignore
    arg [--out-implib] ==> ignore
    arg [libcmTryCompileExec.dll.a] ==> ignore
    arg [--major-image-version] ==> ignore
    arg [0] ==> ignore
    arg [--minor-image-version] ==> ignore
    arg [0] ==> ignore
    arg [-Bstatic] ==> ignore
    arg [-lstdc++] ==> lib [stdc++]
    arg [-Bdynamic] ==> ignore
    arg [-lmingw32] ==> lib [mingw32]
    arg [-lgcc] ==> lib [gcc]
    arg [-lmoldname] ==> lib [moldname]
    arg [-lmingwex] ==> lib [mingwex]
    arg [-lmsvcrt] ==> lib [msvcrt]
    arg [-luser32] ==> lib [user32]
    arg [-lkernel32] ==> lib [kernel32]
    arg [-ladvapi32] ==> lib [advapi32]
    arg [-lshell32] ==> lib [shell32]
    arg [-lmingw32] ==> lib [mingw32]
    arg [-lgcc] ==> lib [gcc]
    arg [-lmoldname] ==> lib [moldname]
    arg [-lmingwex] ==> lib [mingwex]
    arg [-lmsvcrt] ==> lib [msvcrt]
    arg [/opt/mingw32/lib/gcc/i686-w64-mingw32/4.5.4/crtend.o] ==> ignore
  remove lib [gcc]
  remove lib [gcc]
  collapse dir [/opt/mingw32/lib] ==> [/opt/mingw32/lib]
  collapse dir [/opt/mingw32/bin] ==> [/opt/mingw32/bin]
  collapse dir [/opt/mingw32/lib/gcc/i686-w64-mingw32/4.5.4] ==> [/opt/mingw32/lib/gcc/i686-w64-mingw32/4.5.4]
  collapse dir [/opt/mingw32/lib/gcc/i686-w64-mingw32/4.5.4/../../../../i686-w64-mingw32/lib/../lib32] ==> [/opt/mingw32/i686-w64-mingw32/lib32]
  collapse dir [/opt/mingw32/lib/gcc/i686-w64-mingw32/4.5.4/../../../../i686-w64-mingw32/lib] ==> [/opt/mingw32/i686-w64-mingw32/lib]
  implicit libs: [stdc++;mingw32;moldname;mingwex;msvcrt;user32;kernel32;advapi32;shell32;mingw32;moldname;mingwex;msvcrt]
  implicit dirs: [/opt/mingw32/lib;/opt/mingw32/bin;/opt/mingw32/lib/gcc/i686-w64-mingw32/4.5.4;/opt/mingw32/i686-w64-mingw32/lib32;/opt/mingw32/i686-w64-mingw32/lib]


Performing C SOURCE FILE Test VERITABLE_HAVE_TLS succeded with the following output:
Change Dir: /home/npt/Desktop/veritable-2.0.0/b/CMakeFiles/CMakeTmp

Run Build Command:/usr/bin/make "cmTryCompileExec/fast"
/usr/bin/make -f CMakeFiles/cmTryCompileExec.dir/build.make CMakeFiles/cmTryCompileExec.dir/build
make[1]: Entering directory `/home/npt/Desktop/veritable-2.0.0/b/CMakeFiles/CMakeTmp'
/usr/bin/cmake -E cmake_progress_report /home/npt/Desktop/veritable-2.0.0/b/CMakeFiles/CMakeTmp/CMakeFiles 1
Building C object CMakeFiles/cmTryCompileExec.dir/src.c.obj
/opt/mingw32/bin/i686-w64-mingw32-gcc   -DVERITABLE_HAVE_TLS -I/opt/mingw32/include   -o CMakeFiles/cmTryCompileExec.dir/src.c.obj   -c /home/npt/Desktop/veritable-2.0.0/b/CMakeFiles/CMakeTmp/src.c
Linking C executable cmTryCompileExec.exe
/usr/bin/cmake -E cmake_link_script CMakeFiles/cmTryCompileExec.dir/link.txt --verbose=1
/opt/mingw32/bin/i686-w64-mingw32-gcc     -DVERITABLE_HAVE_TLS   CMakeFiles/cmTryCompileExec.dir/src.c.obj  -o cmTryCompileExec.exe -Wl,--out-implib,libcmTryCompileExec.dll.a -Wl,--major-image-version,0,--minor-image-version,0  -lkernel32 -luser32 -lgdi32 -lwinspool -lshell32 -lole32 -loleaut32 -luuid -lcomdlg32 -ladvapi32 
make[1]: Leaving directory `/home/npt/Desktop/veritable-2.0.0/b/CMakeFiles/CMakeTmp'

Source file was:
static __thread int p = 0; int main() {}
Determining if files fcntl.h exist passed with the following output:
Change Dir: /home/npt/Desktop/veritable-2.0.0/b/CMakeFiles/CMakeTmp

Run Build Command:/usr/bin/make "cmTryCompileExec/fast"
/usr/bin/make -f CMakeFiles/cmTryCompileExec.dir/build.make CMakeFiles/cmTryCompileExec.dir/build
make[1]: Entering directory `/home/npt/Desktop/veritable-2.0.0/b/CMakeFiles/CMakeTmp'
/usr/bin/cmake -E cmake_progress_report /home/npt/Desktop/veritable-2.0.0/b/CMakeFiles/CMakeTmp/CMakeFiles 1
Building C object CMakeFiles/cmTryCompileExec.dir/CheckIncludeFiles.c.obj
/opt/mingw32/bin/i686-w64-mingw32-gcc   -I/opt/mingw32/include   -o CMakeFiles/cmTryCompileExec.dir/CheckIncludeFiles.c.obj   -c /home/npt/Desktop/veritable-2.0.0/b/CMakeFiles/CMakeTmp/CheckIncludeFiles.c
Linking C executable cmTryCompileExec.exe
/usr/bin/cmake -E cmake_link_script CMakeFiles/cmTryCompileExec.dir/link.txt --verbose=1
/opt/mingw32/bin/i686-w64-mingw32-gcc        CMakeFiles/cmTryCompileExec.dir/CheckIncludeFiles.c.obj  -o cmTryCompileExec.exe -Wl,--out-implib,libcmTryCompileExec.dll.a -Wl,--major-image-version,0,--minor-image-version,0  -lkernel32 -luser32 -lgdi32 -lwinspool -lshell32 -lole32 -loleaut32 -luuid -lcomdlg32 -ladvapi32 
make[1]: Leaving directory `/home/npt/Desktop/veritable-2.0.0/b/CMakeFiles/CMakeTmp'


Determining if files limits.h exist passed with the following output:
Change Dir: /home/npt/Desktop/veritable-2.0.0/b/CMakeFiles/CMakeTmp

Run Build Command:/usr/bin/make "cmTryCompileExec/fast"
/usr/bin/make -f CMakeFiles/cmTryCompileExec.dir/build.make CMakeFiles/cmTryCompileExec.dir/build
make[1]: Entering directory `/home/npt/Desktop/veritable-2.0.0/b/CMakeFiles/CMakeTmp'
/usr/bin/cmake -E cmake_progress_report /home/npt/Desktop/veritable-2.0.0/b/CMakeFiles/CMakeTmp/CMakeFiles 1
Building C object CMakeFiles/cmTryCompileExec.dir/CheckIncludeFiles.c.obj
/opt/mingw32/bin/i686-w64-mingw32-gcc   -I/opt/mingw32/include   -o CMakeFiles/cmTryCompileExec.dir/CheckIncludeFiles.c.obj   -c /home/npt/Desktop/veritable-2.0.0/b/CMakeFiles/CMakeTmp/CheckIncludeFiles.c
Linking C executable cmTryCompileExec.exe
/usr/bin/cmake -E cmake_link_script CMakeFiles/cmTryCompileExec.dir/link.txt --verbose=1
/opt/mingw32/bin/i686-w64-mingw32-gcc        CMakeFiles/cmTryCompileExec.dir/CheckIncludeFiles.c.obj  -o cmTryCompileExec.exe -Wl,--out-implib,libcmTryCompileExec.dll.a -Wl,--major-image-version,0,--minor-image-version,0  -lkernel32 -luser32 -lgdi32 -lwinspool -lshell32 -lole32 -loleaut32 -luuid -lcomdlg32 -ladvapi32 
make[1]: Leaving directory `/home/npt/Desktop/veritable-2.0.0/b/CMakeFiles/CMakeTmp'


Determining if files memory.h exist passed with the following output:
Change Dir: /home/npt/Desktop/veritable-2.0.0/b/CMakeFiles/CMakeTmp

Run Build Command:/usr/bin/make "cmTryCompileExec/fast"
/usr/bin/make -f CMakeFiles/cmTryCompileExec.dir/build.make CMakeFiles/cmTryCompileExec.dir/build
make[1]: Entering directory `/home/npt/Desktop/veritable-2.0.0/b/CMakeFiles/CMakeTmp'
/usr/bin/cmake -E cmake_progress_report /home/npt/Desktop/veritable-2.0.0/b/CMakeFiles/CMakeTmp/CMakeFiles 1
Building C object CMakeFiles/cmTryCompileExec.dir/CheckIncludeFiles.c.obj
/opt/mingw32/bin/i686-w64-mingw32-gcc   -I/opt/mingw32/include   -o CMakeFiles/cmTryCompileExec.dir/CheckIncludeFiles.c.obj   -c /home/npt/Desktop/veritable-2.0.0/b/CMakeFiles/CMakeTmp/CheckIncludeFiles.c
Linking C executable cmTryCompileExec.exe
/usr/bin/cmake -E cmake_link_script CMakeFiles/cmTryCompileExec.dir/link.txt --verbose=1
/opt/mingw32/bin/i686-w64-mingw32-gcc        CMakeFiles/cmTryCompileExec.dir/CheckIncludeFiles.c.obj  -o cmTryCompileExec.exe -Wl,--out-implib,libcmTryCompileExec.dll.a -Wl,--major-image-version,0,--minor-image-version,0  -lkernel32 -luser32 -lgdi32 -lwinspool -lshell32 -lole32 -loleaut32 -luuid -lcomdlg32 -ladvapi32 
make[1]: Leaving directory `/home/npt/Desktop/veritable-2.0.0/b/CMakeFiles/CMakeTmp'


Determining if files stdint.h exist passed with the following output:
Change Dir: /home/npt/Desktop/veritable-2.0.0/b/CMakeFiles/CMakeTmp

Run Build Command:/usr/bin/make "cmTryCompileExec/fast"
/usr/bin/make -f CMakeFiles/cmTryCompileExec.dir/build.make CMakeFiles/cmTryCompileExec.dir/build
make[1]: Entering directory `/home/npt/Desktop/veritable-2.0.0/b/CMakeFiles/CMakeTmp'
/usr/bin/cmake -E cmake_progress_report /home/npt/Desktop/veritable-2.0.0/b/CMakeFiles/CMakeTmp/CMakeFiles 1
Building C object CMakeFiles/cmTryCompileExec.dir/CheckIncludeFiles.c.obj
/opt/mingw32/bin/i686-w64-mingw32-gcc   -I/opt/mingw32/include   -o CMakeFiles/cmTryCompileExec.dir/CheckIncludeFiles.c.obj   -c /home/npt/Desktop/veritable-2.0.0/b/CMakeFiles/CMakeTmp/CheckIncludeFiles.c
Linking C executable cmTryCompileExec.exe
/usr/bin/cmake -E cmake_link_script CMakeFiles/cmTryCompileExec.dir/link.txt --verbose=1
/opt/mingw32/bin/i686-w64-mingw32-gcc        CMakeFiles/cmTryCompileExec.dir/CheckIncludeFiles.c.obj  -o cmTryCompileExec.exe -Wl,--out-implib,libcmTryCompileExec.dll.a -Wl,--major-image-version,0,--minor-image-version,0  -lkernel32 -luser32 -lgdi32 -lwinspool -lshell32 -lole32 -loleaut32 -luuid -lcomdlg32 -ladvapi32 
make[1]: Leaving directory `/home/npt/Desktop/veritable-2.0.0/b/CMakeFiles/CMakeTmp'


Determining if files stdlib.h exist passed with the following output:
Change Dir: /home/npt/Desktop/veritable-2.0.0/b/CMakeFiles/CMakeTmp

Run Build Command:/usr/bin/make "cmTryCompileExec/fast"
/usr/bin/make -f CMakeFiles/cmTryCompileExec.dir/build.make CMakeFiles/cmTryCompileExec.dir/build
make[1]: Entering directory `/home/npt/Desktop/veritable-2.0.0/b/CMakeFiles/CMakeTmp'
/usr/bin/cmake -E cmake_progress_report /home/npt/Desktop/veritable-2.0.0/b/CMakeFiles/CMakeTmp/CMakeFiles 1
Building C object CMakeFiles/cmTryCompileExec.dir/CheckIncludeFiles.c.obj
/opt/mingw32/bin/i686-w64-mingw32-gcc   -I/opt/mingw32/include   -o CMakeFiles/cmTryCompileExec.dir/CheckIncludeFiles.c.obj   -c /home/npt/Desktop/veritable-2.0.0/b/CMakeFiles/CMakeTmp/CheckIncludeFiles.c
Linking C executable cmTryCompileExec.exe
/usr/bin/cmake -E cmake_link_script CMakeFiles/cmTryCompileExec.dir/link.txt --verbose=1
/opt/mingw32/bin/i686-w64-mingw32-gcc        CMakeFiles/cmTryCompileExec.dir/CheckIncludeFiles.c.obj  -o cmTryCompileExec.exe -Wl,--out-implib,libcmTryCompileExec.dll.a -Wl,--major-image-version,0,--minor-image-version,0  -lkernel32 -luser32 -lgdi32 -lwinspool -lshell32 -lole32 -loleaut32 -luuid -lcomdlg32 -ladvapi32 
make[1]: Leaving directory `/home/npt/Desktop/veritable-2.0.0/b/CMakeFiles/CMakeTmp'


Determining if files stdbool.h exist passed with the following output:
Change Dir: /home/npt/Desktop/veritable-2.0.0/b/CMakeFiles/CMakeTmp

Run Build Command:/usr/bin/make "cmTryCompileExec/fast"
/usr/bin/make -f CMakeFiles/cmTryCompileExec.dir/build.make CMakeFiles/cmTryCompileExec.dir/build
make[1]: Entering directory `/home/npt/Desktop/veritable-2.0.0/b/CMakeFiles/CMakeTmp'
/usr/bin/cmake -E cmake_progress_report /home/npt/Desktop/veritable-2.0.0/b/CMakeFiles/CMakeTmp/CMakeFiles 1
Building C object CMakeFiles/cmTryCompileExec.dir/CheckIncludeFiles.c.obj
/opt/mingw32/bin/i686-w64-mingw32-gcc   -I/opt/mingw32/include   -o CMakeFiles/cmTryCompileExec.dir/CheckIncludeFiles.c.obj   -c /home/npt/Desktop/veritable-2.0.0/b/CMakeFiles/CMakeTmp/CheckIncludeFiles.c
Linking C executable cmTryCompileExec.exe
/usr/bin/cmake -E cmake_link_script CMakeFiles/cmTryCompileExec.dir/link.txt --verbose=1
/opt/mingw32/bin/i686-w64-mingw32-gcc        CMakeFiles/cmTryCompileExec.dir/CheckIncludeFiles.c.obj  -o cmTryCompileExec.exe -Wl,--out-implib,libcmTryCompileExec.dll.a -Wl,--major-image-version,0,--minor-image-version,0  -lkernel32 -luser32 -lgdi32 -lwinspool -lshell32 -lole32 -loleaut32 -luuid -lcomdlg32 -ladvapi32 
make[1]: Leaving directory `/home/npt/Desktop/veritable-2.0.0/b/CMakeFiles/CMakeTmp'


Determining if files string.h exist passed with the following output:
Change Dir: /home/npt/Desktop/veritable-2.0.0/b/CMakeFiles/CMakeTmp

Run Build Command:/usr/bin/make "cmTryCompileExec/fast"
/usr/bin/make -f CMakeFiles/cmTryCompileExec.dir/build.make CMakeFiles/cmTryCompileExec.dir/build
make[1]: Entering directory `/home/npt/Desktop/veritable-2.0.0/b/CMakeFiles/CMakeTmp'
/usr/bin/cmake -E cmake_progress_report /home/npt/Desktop/veritable-2.0.0/b/CMakeFiles/CMakeTmp/CMakeFiles 1
Building C object CMakeFiles/cmTryCompileExec.dir/CheckIncludeFiles.c.obj
/opt/mingw32/bin/i686-w64-mingw32-gcc   -I/opt/mingw32/include   -o CMakeFiles/cmTryCompileExec.dir/CheckIncludeFiles.c.obj   -c /home/npt/Desktop/veritable-2.0.0/b/CMakeFiles/CMakeTmp/CheckIncludeFiles.c
Linking C executable cmTryCompileExec.exe
/usr/bin/cmake -E cmake_link_script CMakeFiles/cmTryCompileExec.dir/link.txt --verbose=1
/opt/mingw32/bin/i686-w64-mingw32-gcc        CMakeFiles/cmTryCompileExec.dir/CheckIncludeFiles.c.obj  -o cmTryCompileExec.exe -Wl,--out-implib,libcmTryCompileExec.dll.a -Wl,--major-image-version,0,--minor-image-version,0  -lkernel32 -luser32 -lgdi32 -lwinspool -lshell32 -lole32 -loleaut32 -luuid -lcomdlg32 -ladvapi32 
make[1]: Leaving directory `/home/npt/Desktop/veritable-2.0.0/b/CMakeFiles/CMakeTmp'


Determining if files strings.h exist passed with the following output:
Change Dir: /home/npt/Desktop/veritable-2.0.0/b/CMakeFiles/CMakeTmp

Run Build Command:/usr/bin/make "cmTryCompileExec/fast"
/usr/bin/make -f CMakeFiles/cmTryCompileExec.dir/build.make CMakeFiles/cmTryCompileExec.dir/build
make[1]: Entering directory `/home/npt/Desktop/veritable-2.0.0/b/CMakeFiles/CMakeTmp'
/usr/bin/cmake -E cmake_progress_report /home/npt/Desktop/veritable-2.0.0/b/CMakeFiles/CMakeTmp/CMakeFiles 1
Building C object CMakeFiles/cmTryCompileExec.dir/CheckIncludeFiles.c.obj
/opt/mingw32/bin/i686-w64-mingw32-gcc   -I/opt/mingw32/include   -o CMakeFiles/cmTryCompileExec.dir/CheckIncludeFiles.c.obj   -c /home/npt/Desktop/veritable-2.0.0/b/CMakeFiles/CMakeTmp/CheckIncludeFiles.c
Linking C executable cmTryCompileExec.exe
/usr/bin/cmake -E cmake_link_script CMakeFiles/cmTryCompileExec.dir/link.txt --verbose=1
/opt/mingw32/bin/i686-w64-mingw32-gcc        CMakeFiles/cmTryCompileExec.dir/CheckIncludeFiles.c.obj  -o cmTryCompileExec.exe -Wl,--out-implib,libcmTryCompileExec.dll.a -Wl,--major-image-version,0,--minor-image-version,0  -lkernel32 -luser32 -lgdi32 -lwinspool -lshell32 -lole32 -loleaut32 -luuid -lcomdlg32 -ladvapi32 
make[1]: Leaving directory `/home/npt/Desktop/veritable-2.0.0/b/CMakeFiles/CMakeTmp'


Determining if files sys/time.h exist passed with the following output:
Change Dir: /home/npt/Desktop/veritable-2.0.0/b/CMakeFiles/CMakeTmp

Run Build Command:/usr/bin/make "cmTryCompileExec/fast"
/usr/bin/make -f CMakeFiles/cmTryCompileExec.dir/build.make CMakeFiles/cmTryCompileExec.dir/build
make[1]: Entering directory `/home/npt/Desktop/veritable-2.0.0/b/CMakeFiles/CMakeTmp'
/usr/bin/cmake -E cmake_progress_report /home/npt/Desktop/veritable-2.0.0/b/CMakeFiles/CMakeTmp/CMakeFiles 1
Building C object CMakeFiles/cmTryCompileExec.dir/CheckIncludeFiles.c.obj
/opt/mingw32/bin/i686-w64-mingw32-gcc   -I/opt/mingw32/include   -o CMakeFiles/cmTryCompileExec.dir/CheckIncludeFiles.c.obj   -c /home/npt/Desktop/veritable-2.0.0/b/CMakeFiles/CMakeTmp/CheckIncludeFiles.c
Linking C executable cmTryCompileExec.exe
/usr/bin/cmake -E cmake_link_script CMakeFiles/cmTryCompileExec.dir/link.txt --verbose=1
/opt/mingw32/bin/i686-w64-mingw32-gcc        CMakeFiles/cmTryCompileExec.dir/CheckIncludeFiles.c.obj  -o cmTryCompileExec.exe -Wl,--out-implib,libcmTryCompileExec.dll.a -Wl,--major-image-version,0,--minor-image-version,0  -lkernel32 -luser32 -lgdi32 -lwinspool -lshell32 -lole32 -loleaut32 -luuid -lcomdlg32 -ladvapi32 
make[1]: Leaving directory `/home/npt/Desktop/veritable-2.0.0/b/CMakeFiles/CMakeTmp'


Determining if files sys/timeb.h exist passed with the following output:
Change Dir: /home/npt/Desktop/veritable-2.0.0/b/CMakeFiles/CMakeTmp

Run Build Command:/usr/bin/make "cmTryCompileExec/fast"
/usr/bin/make -f CMakeFiles/cmTryCompileExec.dir/build.make CMakeFiles/cmTryCompileExec.dir/build
make[1]: Entering directory `/home/npt/Desktop/veritable-2.0.0/b/CMakeFiles/CMakeTmp'
/usr/bin/cmake -E cmake_progress_report /home/npt/Desktop/veritable-2.0.0/b/CMakeFiles/CMakeTmp/CMakeFiles 1
Building C object CMakeFiles/cmTryCompileExec.dir/CheckIncludeFiles.c.obj
/opt/mingw32/bin/i686-w64-mingw32-gcc   -I/opt/mingw32/include   -o CMakeFiles/cmTryCompileExec.dir/CheckIncludeFiles.c.obj   -c /home/npt/Desktop/veritable-2.0.0/b/CMakeFiles/CMakeTmp/CheckIncludeFiles.c
Linking C executable cmTryCompileExec.exe
/usr/bin/cmake -E cmake_link_script CMakeFiles/cmTryCompileExec.dir/link.txt --verbose=1
/opt/mingw32/bin/i686-w64-mingw32-gcc        CMakeFiles/cmTryCompileExec.dir/CheckIncludeFiles.c.obj  -o cmTryCompileExec.exe -Wl,--out-implib,libcmTryCompileExec.dll.a -Wl,--major-image-version,0,--minor-image-version,0  -lkernel32 -luser32 -lgdi32 -lwinspool -lshell32 -lole32 -loleaut32 -luuid -lcomdlg32 -ladvapi32 
make[1]: Leaving directory `/home/npt/Desktop/veritable-2.0.0/b/CMakeFiles/CMakeTmp'


Determining if files sys/stat.h exist passed with the following output:
Change Dir: /home/npt/Desktop/veritable-2.0.0/b/CMakeFiles/CMakeTmp

Run Build Command:/usr/bin/make "cmTryCompileExec/fast"
/usr/bin/make -f CMakeFiles/cmTryCompileExec.dir/build.make CMakeFiles/cmTryCompileExec.dir/build
make[1]: Entering directory `/home/npt/Desktop/veritable-2.0.0/b/CMakeFiles/CMakeTmp'
/usr/bin/cmake -E cmake_progress_report /home/npt/Desktop/veritable-2.0.0/b/CMakeFiles/CMakeTmp/CMakeFiles 1
Building C object CMakeFiles/cmTryCompileExec.dir/CheckIncludeFiles.c.obj
/opt/mingw32/bin/i686-w64-mingw32-gcc   -I/opt/mingw32/include   -o CMakeFiles/cmTryCompileExec.dir/CheckIncludeFiles.c.obj   -c /home/npt/Desktop/veritable-2.0.0/b/CMakeFiles/CMakeTmp/CheckIncludeFiles.c
Linking C executable cmTryCompileExec.exe
/usr/bin/cmake -E cmake_link_script CMakeFiles/cmTryCompileExec.dir/link.txt --verbose=1
/opt/mingw32/bin/i686-w64-mingw32-gcc        CMakeFiles/cmTryCompileExec.dir/CheckIncludeFiles.c.obj  -o cmTryCompileExec.exe -Wl,--out-implib,libcmTryCompileExec.dll.a -Wl,--major-image-version,0,--minor-image-version,0  -lkernel32 -luser32 -lgdi32 -lwinspool -lshell32 -lole32 -loleaut32 -luuid -lcomdlg32 -ladvapi32 
make[1]: Leaving directory `/home/npt/Desktop/veritable-2.0.0/b/CMakeFiles/CMakeTmp'


Determining if files unistd.h exist passed with the following output:
Change Dir: /home/npt/Desktop/veritable-2.0.0/b/CMakeFiles/CMakeTmp

Run Build Command:/usr/bin/make "cmTryCompileExec/fast"
/usr/bin/make -f CMakeFiles/cmTryCompileExec.dir/build.make CMakeFiles/cmTryCompileExec.dir/build
make[1]: Entering directory `/home/npt/Desktop/veritable-2.0.0/b/CMakeFiles/CMakeTmp'
/usr/bin/cmake -E cmake_progress_report /home/npt/Desktop/veritable-2.0.0/b/CMakeFiles/CMakeTmp/CMakeFiles 1
Building C object CMakeFiles/cmTryCompileExec.dir/CheckIncludeFiles.c.obj
/opt/mingw32/bin/i686-w64-mingw32-gcc   -I/opt/mingw32/include   -o CMakeFiles/cmTryCompileExec.dir/CheckIncludeFiles.c.obj   -c /home/npt/Desktop/veritable-2.0.0/b/CMakeFiles/CMakeTmp/CheckIncludeFiles.c
Linking C executable cmTryCompileExec.exe
/usr/bin/cmake -E cmake_link_script CMakeFiles/cmTryCompileExec.dir/link.txt --verbose=1
/opt/mingw32/bin/i686-w64-mingw32-gcc        CMakeFiles/cmTryCompileExec.dir/CheckIncludeFiles.c.obj  -o cmTryCompileExec.exe -Wl,--out-implib,libcmTryCompileExec.dll.a -Wl,--major-image-version,0,--minor-image-version,0  -lkernel32 -luser32 -lgdi32 -lwinspool -lshell32 -lole32 -loleaut32 -luuid -lcomdlg32 -ladvapi32 
make[1]: Leaving directory `/home/npt/Desktop/veritable-2.0.0/b/CMakeFiles/CMakeTmp'


Determining if files sys/types.h exist passed with the following output:
Change Dir: /home/npt/Desktop/veritable-2.0.0/b/CMakeFiles/CMakeTmp

Run Build Command:/usr/bin/make "cmTryCompileExec/fast"
/usr/bin/make -f CMakeFiles/cmTryCompileExec.dir/build.make CMakeFiles/cmTryCompileExec.dir/build
make[1]: Entering directory `/home/npt/Desktop/veritable-2.0.0/b/CMakeFiles/CMakeTmp'
/usr/bin/cmake -E cmake_progress_report /home/npt/Desktop/veritable-2.0.0/b/CMakeFiles/CMakeTmp/CMakeFiles 1
Building C object CMakeFiles/cmTryCompileExec.dir/CheckIncludeFiles.c.obj
/opt/mingw32/bin/i686-w64-mingw32-gcc   -I/opt/mingw32/include   -o CMakeFiles/cmTryCompileExec.dir/CheckIncludeFiles.c.obj   -c /home/npt/Desktop/veritable-2.0.0/b/CMakeFiles/CMakeTmp/CheckIncludeFiles.c
Linking C executable cmTryCompileExec.exe
/usr/bin/cmake -E cmake_link_script CMakeFiles/cmTryCompileExec.dir/link.txt --verbose=1
/opt/mingw32/bin/i686-w64-mingw32-gcc        CMakeFiles/cmTryCompileExec.dir/CheckIncludeFiles.c.obj  -o cmTryCompileExec.exe -Wl,--out-implib,libcmTryCompileExec.dll.a -Wl,--major-image-version,0,--minor-image-version,0  -lkernel32 -luser32 -lgdi32 -lwinspool -lshell32 -lole32 -loleaut32 -luuid -lcomdlg32 -ladvapi32 
make[1]: Leaving directory `/home/npt/Desktop/veritable-2.0.0/b/CMakeFiles/CMakeTmp'


Determining if files time.h exist passed with the following output:
Change Dir: /home/npt/Desktop/veritable-2.0.0/b/CMakeFiles/CMakeTmp

Run Build Command:/usr/bin/make "cmTryCompileExec/fast"
/usr/bin/make -f CMakeFiles/cmTryCompileExec.dir/build.make CMakeFiles/cmTryCompileExec.dir/build
make[1]: Entering directory `/home/npt/Desktop/veritable-2.0.0/b/CMakeFiles/CMakeTmp'
/usr/bin/cmake -E cmake_progress_report /home/npt/Desktop/veritable-2.0.0/b/CMakeFiles/CMakeTmp/CMakeFiles 1
Building C object CMakeFiles/cmTryCompileExec.dir/CheckIncludeFiles.c.obj
/opt/mingw32/bin/i686-w64-mingw32-gcc   -I/opt/mingw32/include   -o CMakeFiles/cmTryCompileExec.dir/CheckIncludeFiles.c.obj   -c /home/npt/Desktop/veritable-2.0.0/b/CMakeFiles/CMakeTmp/CheckIncludeFiles.c
Linking C executable cmTryCompileExec.exe
/usr/bin/cmake -E cmake_link_script CMakeFiles/cmTryCompileExec.dir/link.txt --verbose=1
/opt/mingw32/bin/i686-w64-mingw32-gcc        CMakeFiles/cmTryCompileExec.dir/CheckIncludeFiles.c.obj  -o cmTryCompileExec.exe -Wl,--out-implib,libcmTryCompileExec.dll.a -Wl,--major-image-version,0,--minor-image-version,0  -lkernel32 -luser32 -lgdi32 -lwinspool -lshell32 -lole32 -loleaut32 -luuid -lcomdlg32 -ladvapi32 
make[1]: Leaving directory `/home/npt/Desktop/veritable-2.0.0/b/CMakeFiles/CMakeTmp'


Determining if files errno.h exist passed with the following output:
Change Dir: /home/npt/Desktop/veritable-2.0.0/b/CMakeFiles/CMakeTmp

Run Build Command:/usr/bin/make "cmTryCompileExec/fast"
/usr/bin/make -f CMakeFiles/cmTryCompileExec.dir/build.make CMakeFiles/cmTryCompileExec.dir/build
make[1]: Entering directory `/home/npt/Desktop/veritable-2.0.0/b/CMakeFiles/CMakeTmp'
/usr/bin/cmake -E cmake_progress_report /home/npt/Desktop/veritable-2.0.0/b/CMakeFiles/CMakeTmp/CMakeFiles 1
Building C object CMakeFiles/cmTryCompileExec.dir/CheckIncludeFiles.c.obj
/opt/mingw32/bin/i686-w64-mingw32-gcc   -I/opt/mingw32/include   -o CMakeFiles/cmTryCompileExec.dir/CheckIncludeFiles.c.obj   -c /home/npt/Desktop/veritable-2.0.0/b/CMakeFiles/CMakeTmp/CheckIncludeFiles.c
Linking C executable cmTryCompileExec.exe
/usr/bin/cmake -E cmake_link_script CMakeFiles/cmTryCompileExec.dir/link.txt --verbose=1
/opt/mingw32/bin/i686-w64-mingw32-gcc        CMakeFiles/cmTryCompileExec.dir/CheckIncludeFiles.c.obj  -o cmTryCompileExec.exe -Wl,--out-implib,libcmTryCompileExec.dll.a -Wl,--major-image-version,0,--minor-image-version,0  -lkernel32 -luser32 -lgdi32 -lwinspool -lshell32 -lole32 -loleaut32 -luuid -lcomdlg32 -ladvapi32 
make[1]: Leaving directory `/home/npt/Desktop/veritable-2.0.0/b/CMakeFiles/CMakeTmp'


Determining if files pthread.h exist passed with the following output:
Change Dir: /home/npt/Desktop/veritable-2.0.0/b/CMakeFiles/CMakeTmp

Run Build Command:/usr/bin/make "cmTryCompileExec/fast"
/usr/bin/make -f CMakeFiles/cmTryCompileExec.dir/build.make CMakeFiles/cmTryCompileExec.dir/build
make[1]: Entering directory `/home/npt/Desktop/veritable-2.0.0/b/CMakeFiles/CMakeTmp'
/usr/bin/cmake -E cmake_progress_report /home/npt/Desktop/veritable-2.0.0/b/CMakeFiles/CMakeTmp/CMakeFiles 1
Building C object CMakeFiles/cmTryCompileExec.dir/CheckIncludeFiles.c.obj
/opt/mingw32/bin/i686-w64-mingw32-gcc   -I/opt/mingw32/include   -o CMakeFiles/cmTryCompileExec.dir/CheckIncludeFiles.c.obj   -c /home/npt/Desktop/veritable-2.0.0/b/CMakeFiles/CMakeTmp/CheckIncludeFiles.c
Linking C executable cmTryCompileExec.exe
/usr/bin/cmake -E cmake_link_script CMakeFiles/cmTryCompileExec.dir/link.txt --verbose=1
/opt/mingw32/bin/i686-w64-mingw32-gcc        CMakeFiles/cmTryCompileExec.dir/CheckIncludeFiles.c.obj  -o cmTryCompileExec.exe -Wl,--out-implib,libcmTryCompileExec.dll.a -Wl,--major-image-version,0,--minor-image-version,0  -lkernel32 -luser32 -lgdi32 -lwinspool -lshell32 -lole32 -loleaut32 -luuid -lcomdlg32 -ladvapi32 
make[1]: Leaving directory `/home/npt/Desktop/veritable-2.0.0/b/CMakeFiles/CMakeTmp'


Determining if files stdarg.h exist passed with the following output:
Change Dir: /home/npt/Desktop/veritable-2.0.0/b/CMakeFiles/CMakeTmp

Run Build Command:/usr/bin/make "cmTryCompileExec/fast"
/usr/bin/make -f CMakeFiles/cmTryCompileExec.dir/build.make CMakeFiles/cmTryCompileExec.dir/build
make[1]: Entering directory `/home/npt/Desktop/veritable-2.0.0/b/CMakeFiles/CMakeTmp'
/usr/bin/cmake -E cmake_progress_report /home/npt/Desktop/veritable-2.0.0/b/CMakeFiles/CMakeTmp/CMakeFiles 1
Building C object CMakeFiles/cmTryCompileExec.dir/CheckIncludeFiles.c.obj
/opt/mingw32/bin/i686-w64-mingw32-gcc   -I/opt/mingw32/include   -o CMakeFiles/cmTryCompileExec.dir/CheckIncludeFiles.c.obj   -c /home/npt/Desktop/veritable-2.0.0/b/CMakeFiles/CMakeTmp/CheckIncludeFiles.c
Linking C executable cmTryCompileExec.exe
/usr/bin/cmake -E cmake_link_script CMakeFiles/cmTryCompileExec.dir/link.txt --verbose=1
/opt/mingw32/bin/i686-w64-mingw32-gcc        CMakeFiles/cmTryCompileExec.dir/CheckIncludeFiles.c.obj  -o cmTryCompileExec.exe -Wl,--out-implib,libcmTryCompileExec.dll.a -Wl,--major-image-version,0,--minor-image-version,0  -lkernel32 -luser32 -lgdi32 -lwinspool -lshell32 -lole32 -loleaut32 -luuid -lcomdlg32 -ladvapi32 
make[1]: Leaving directory `/home/npt/Desktop/veritable-2.0.0/b/CMakeFiles/CMakeTmp'


Determining if files signal.h exist passed with the following output:
Change Dir: /home/npt/Desktop/veritable-2.0.0/b/CMakeFiles/CMakeTmp

Run Build Command:/usr/bin/make "cmTryCompileExec/fast"
/usr/bin/make -f CMakeFiles/cmTryCompileExec.dir/build.make CMakeFiles/cmTryCompileExec.dir/build
make[1]: Entering directory `/home/npt/Desktop/veritable-2.0.0/b/CMakeFiles/CMakeTmp'
/usr/bin/cmake -E cmake_progress_report /home/npt/Desktop/veritable-2.0.0/b/CMakeFiles/CMakeTmp/CMakeFiles 1
Building C object CMakeFiles/cmTryCompileExec.dir/CheckIncludeFiles.c.obj
/opt/mingw32/bin/i686-w64-mingw32-gcc   -I/opt/mingw32/include   -o CMakeFiles/cmTryCompileExec.dir/CheckIncludeFiles.c.obj   -c /home/npt/Desktop/veritable-2.0.0/b/CMakeFiles/CMakeTmp/CheckIncludeFiles.c
Linking C executable cmTryCompileExec.exe
/usr/bin/cmake -E cmake_link_script CMakeFiles/cmTryCompileExec.dir/link.txt --verbose=1
/opt/mingw32/bin/i686-w64-mingw32-gcc        CMakeFiles/cmTryCompileExec.dir/CheckIncludeFiles.c.obj  -o cmTryCompileExec.exe -Wl,--out-implib,libcmTryCompileExec.dll.a -Wl,--major-image-version,0,--minor-image-version,0  -lkernel32 -luser32 -lgdi32 -lwinspool -lshell32 -lole32 -loleaut32 -luuid -lcomdlg32 -ladvapi32 
make[1]: Leaving directory `/home/npt/Desktop/veritable-2.0.0/b/CMakeFiles/CMakeTmp'


Determining if files ctype.h exist passed with the following output:
Change Dir: /home/npt/Desktop/veritable-2.0.0/b/CMakeFiles/CMakeTmp

Run Build Command:/usr/bin/make "cmTryCompileExec/fast"
/usr/bin/make -f CMakeFiles/cmTryCompileExec.dir/build.make CMakeFiles/cmTryCompileExec.dir/build
make[1]: Entering directory `/home/npt/Desktop/veritable-2.0.0/b/CMakeFiles/CMakeTmp'
/usr/bin/cmake -E cmake_progress_report /home/npt/Desktop/veritable-2.0.0/b/CMakeFiles/CMakeTmp/CMakeFiles 1
Building C object CMakeFiles/cmTryCompileExec.dir/CheckIncludeFiles.c.obj
/opt/mingw32/bin/i686-w64-mingw32-gcc   -I/opt/mingw32/include   -o CMakeFiles/cmTryCompileExec.dir/CheckIncludeFiles.c.obj   -c /home/npt/Desktop/veritable-2.0.0/b/CMakeFiles/CMakeTmp/CheckIncludeFiles.c
Linking C executable cmTryCompileExec.exe
/usr/bin/cmake -E cmake_link_script CMakeFiles/cmTryCompileExec.dir/link.txt --verbose=1
/opt/mingw32/bin/i686-w64-mingw32-gcc        CMakeFiles/cmTryCompileExec.dir/CheckIncludeFiles.c.obj  -o cmTryCompileExec.exe -Wl,--out-implib,libcmTryCompileExec.dll.a -Wl,--major-image-version,0,--minor-image-version,0  -lkernel32 -luser32 -lgdi32 -lwinspool -lshell32 -lole32 -loleaut32 -luuid -lcomdlg32 -ladvapi32 
make[1]: Leaving directory `/home/npt/Desktop/veritable-2.0.0/b/CMakeFiles/CMakeTmp'


Determining if files process.h exist passed with the following output:
Change Dir: /home/npt/Desktop/veritable-2.0.0/b/CMakeFiles/CMakeTmp

Run Build Command:/usr/bin/make "cmTryCompileExec/fast"
/usr/bin/make -f CMakeFiles/cmTryCompileExec.dir/build.make CMakeFiles/cmTryCompileExec.dir/build
make[1]: Entering directory `/home/npt/Desktop/veritable-2.0.0/b/CMakeFiles/CMakeTmp'
/usr/bin/cmake -E cmake_progress_report /home/npt/Desktop/veritable-2.0.0/b/CMakeFiles/CMakeTmp/CMakeFiles 1
Building C object CMakeFiles/cmTryCompileExec.dir/CheckIncludeFiles.c.obj
/opt/mingw32/bin/i686-w64-mingw32-gcc   -I/opt/mingw32/include   -o CMakeFiles/cmTryCompileExec.dir/CheckIncludeFiles.c.obj   -c /home/npt/Desktop/veritable-2.0.0/b/CMakeFiles/CMakeTmp/CheckIncludeFiles.c
Linking C executable cmTryCompileExec.exe
/usr/bin/cmake -E cmake_link_script CMakeFiles/cmTryCompileExec.dir/link.txt --verbose=1
/opt/mingw32/bin/i686-w64-mingw32-gcc        CMakeFiles/cmTryCompileExec.dir/CheckIncludeFiles.c.obj  -o cmTryCompileExec.exe -Wl,--out-implib,libcmTryCompileExec.dll.a -Wl,--major-image-version,0,--minor-image-version,0  -lkernel32 -luser32 -lgdi32 -lwinspool -lshell32 -lole32 -loleaut32 -luuid -lcomdlg32 -ladvapi32 
make[1]: Leaving directory `/home/npt/Desktop/veritable-2.0.0/b/CMakeFiles/CMakeTmp'


Determining if files inttypes.h exist passed with the following output:
Change Dir: /home/npt/Desktop/veritable-2.0.0/b/CMakeFiles/CMakeTmp

Run Build Command:/usr/bin/make "cmTryCompileExec/fast"
/usr/bin/make -f CMakeFiles/cmTryCompileExec.dir/build.make CMakeFiles/cmTryCompileExec.dir/build
make[1]: Entering directory `/home/npt/Desktop/veritable-2.0.0/b/CMakeFiles/CMakeTmp'
/usr/bin/cmake -E cmake_progress_report /home/npt/Desktop/veritable-2.0.0/b/CMakeFiles/CMakeTmp/CMakeFiles 1
Building C object CMakeFiles/cmTryCompileExec.dir/CheckIncludeFiles.c.obj
/opt/mingw32/bin/i686-w64-mingw32-gcc   -I/opt/mingw32/include   -o CMakeFiles/cmTryCompileExec.dir/CheckIncludeFiles.c.obj   -c /home/npt/Desktop/veritable-2.0.0/b/CMakeFiles/CMakeTmp/CheckIncludeFiles.c
Linking C executable cmTryCompileExec.exe
/usr/bin/cmake -E cmake_link_script CMakeFiles/cmTryCompileExec.dir/link.txt --verbose=1
/opt/mingw32/bin/i686-w64-mingw32-gcc        CMakeFiles/cmTryCompileExec.dir/CheckIncludeFiles.c.obj  -o cmTryCompileExec.exe -Wl,--out-implib,libcmTryCompileExec.dll.a -Wl,--major-image-version,0,--minor-image-version,0  -lkernel32 -luser32 -lgdi32 -lwinspool -lshell32 -lole32 -loleaut32 -luuid -lcomdlg32 -ladvapi32 
make[1]: Leaving directory `/home/npt/Desktop/veritable-2.0.0/b/CMakeFiles/CMakeTmp'


Determining if the function dup2 exists passed with the following output:
Change Dir: /home/npt/Desktop/veritable-2.0.0/b/CMakeFiles/CMakeTmp

Run Build Command:/usr/bin/make "cmTryCompileExec/fast"
/usr/bin/make -f CMakeFiles/cmTryCompileExec.dir/build.make CMakeFiles/cmTryCompileExec.dir/build
make[1]: Entering directory `/home/npt/Desktop/veritable-2.0.0/b/CMakeFiles/CMakeTmp'
/usr/bin/cmake -E cmake_progress_report /home/npt/Desktop/veritable-2.0.0/b/CMakeFiles/CMakeTmp/CMakeFiles 1
Building C object CMakeFiles/cmTryCompileExec.dir/CheckFunctionExists.c.obj
/opt/mingw32/bin/i686-w64-mingw32-gcc   -DCHECK_FUNCTION_EXISTS=dup2 -I/opt/mingw32/include   -o CMakeFiles/cmTryCompileExec.dir/CheckFunctionExists.c.obj   -c /usr/share/cmake-2.8/Modules/CheckFunctionExists.c
Linking C executable cmTryCompileExec.exe
/usr/bin/cmake -E cmake_link_script CMakeFiles/cmTryCompileExec.dir/link.txt --verbose=1
/opt/mingw32/bin/i686-w64-mingw32-gcc     -DCHECK_FUNCTION_EXISTS=dup2   CMakeFiles/cmTryCompileExec.dir/CheckFunctionExists.c.obj  -o cmTryCompileExec.exe -Wl,--out-implib,libcmTryCompileExec.dll.a -Wl,--major-image-version,0,--minor-image-version,0  -lm -lkernel32 -luser32 -lgdi32 -lwinspool -lshell32 -lole32 -loleaut32 -luuid -lcomdlg32 -ladvapi32 
make[1]: Leaving directory `/home/npt/Desktop/veritable-2.0.0/b/CMakeFiles/CMakeTmp'


Determining if the function floor exists passed with the following output:
Change Dir: /home/npt/Desktop/veritable-2.0.0/b/CMakeFiles/CMakeTmp

Run Build Command:/usr/bin/make "cmTryCompileExec/fast"
/usr/bin/make -f CMakeFiles/cmTryCompileExec.dir/build.make CMakeFiles/cmTryCompileExec.dir/build
make[1]: Entering directory `/home/npt/Desktop/veritable-2.0.0/b/CMakeFiles/CMakeTmp'
/usr/bin/cmake -E cmake_progress_report /home/npt/Desktop/veritable-2.0.0/b/CMakeFiles/CMakeTmp/CMakeFiles 1
Building C object CMakeFiles/cmTryCompileExec.dir/CheckFunctionExists.c.obj
/opt/mingw32/bin/i686-w64-mingw32-gcc   -DCHECK_FUNCTION_EXISTS=floor -I/opt/mingw32/include   -o CMakeFiles/cmTryCompileExec.dir/CheckFunctionExists.c.obj   -c /usr/share/cmake-2.8/Modules/CheckFunctionExists.c
/usr/share/cmake-2.8/Modules/CheckFunctionExists.c:3:6: warning: conflicting types for built-in function 'floor'
Linking C executable cmTryCompileExec.exe
/usr/bin/cmake -E cmake_link_script CMakeFiles/cmTryCompileExec.dir/link.txt --verbose=1
/opt/mingw32/bin/i686-w64-mingw32-gcc     -DCHECK_FUNCTION_EXISTS=floor   CMakeFiles/cmTryCompileExec.dir/CheckFunctionExists.c.obj  -o cmTryCompileExec.exe -Wl,--out-implib,libcmTryCompileExec.dll.a -Wl,--major-image-version,0,--minor-image-version,0  -lm -lkernel32 -luser32 -lgdi32 -lwinspool -lshell32 -lole32 -loleaut32 -luuid -lcomdlg32 -ladvapi32 
make[1]: Leaving directory `/home/npt/Desktop/veritable-2.0.0/b/CMakeFiles/CMakeTmp'


Determining if the function ftime exists passed with the following output:
Change Dir: /home/npt/Desktop/veritable-2.0.0/b/CMakeFiles/CMakeTmp

Run Build Command:/usr/bin/make "cmTryCompileExec/fast"
/usr/bin/make -f CMakeFiles/cmTryCompileExec.dir/build.make CMakeFiles/cmTryCompileExec.dir/build
make[1]: Entering directory `/home/npt/Desktop/veritable-2.0.0/b/CMakeFiles/CMakeTmp'
/usr/bin/cmake -E cmake_progress_report /home/npt/Desktop/veritable-2.0.0/b/CMakeFiles/CMakeTmp/CMakeFiles 1
Building C object CMakeFiles/cmTryCompileExec.dir/CheckFunctionExists.c.obj
/opt/mingw32/bin/i686-w64-mingw32-gcc   -DCHECK_FUNCTION_EXISTS=ftime -I/opt/mingw32/include   -o CMakeFiles/cmTryCompileExec.dir/CheckFunctionExists.c.obj   -c /usr/share/cmake-2.8/Modules/CheckFunctionExists.c
Linking C executable cmTryCompileExec.exe
/usr/bin/cmake -E cmake_link_script CMakeFiles/cmTryCompileExec.dir/link.txt --verbose=1
/opt/mingw32/bin/i686-w64-mingw32-gcc     -DCHECK_FUNCTION_EXISTS=ftime   CMakeFiles/cmTryCompileExec.dir/CheckFunctionExists.c.obj  -o cmTryCompileExec.exe -Wl,--out-implib,libcmTryCompileExec.dll.a -Wl,--major-image-version,0,--minor-image-version,0  -lm -lkernel32 -luser32 -lgdi32 -lwinspool -lshell32 -lole32 -loleaut32 -luuid -lcomdlg32 -ladvapi32 
make[1]: Leaving directory `/home/npt/Desktop/veritable-2.0.0/b/CMakeFiles/CMakeTmp'


Determining if the function gettimeofday exists passed with the following output:
Change Dir: /home/npt/Desktop/veritable-2.0.0/b/CMakeFiles/CMakeTmp

Run Build Command:/usr/bin/make "cmTryCompileExec/fast"
/usr/bin/make -f CMakeFiles/cmTryCompileExec.dir/build.make CMakeFiles/cmTryCompileExec.dir/build
make[1]: Entering directory `/home/npt/Desktop/veritable-2.0.0/b/CMakeFiles/CMakeTmp'
/usr/bin/cmake -E cmake_progress_report /home/npt/Desktop/veritable-2.0.0/b/CMakeFiles/CMakeTmp/CMakeFiles 1
Building C object CMakeFiles/cmTryCompileExec.dir/CheckFunctionExists.c.obj
/opt/mingw32/bin/i686-w64-mingw32-gcc   -DCHECK_FUNCTION_EXISTS=gettimeofday -I/opt/mingw32/include   -o CMakeFiles/cmTryCompileExec.dir/CheckFunctionExists.c.obj   -c /usr/share/cmake-2.8/Modules/CheckFunctionExists.c
Linking C executable cmTryCompileExec.exe
/usr/bin/cmake -E cmake_link_script CMakeFiles/cmTryCompileExec.dir/link.txt --verbose=1
/opt/mingw32/bin/i686-w64-mingw32-gcc     -DCHECK_FUNCTION_EXISTS=gettimeofday   CMakeFiles/cmTryCompileExec.dir/CheckFunctionExists.c.obj  -o cmTryCompileExec.exe -Wl,--out-implib,libcmTryCompileExec.dll.a -Wl,--major-image-version,0,--minor-image-version,0  -lm -lkernel32 -luser32 -lgdi32 -lwinspool -lshell32 -lole32 -loleaut32 -luuid -lcomdlg32 -ladvapi32 
make[1]: Leaving directory `/home/npt/Desktop/veritable-2.0.0/b/CMakeFiles/CMakeTmp'


Determining if the function memcmp exists passed with the following output:
Change Dir: /home/npt/Desktop/veritable-2.0.0/b/CMakeFiles/CMakeTmp

Run Build Command:/usr/bin/make "cmTryCompileExec/fast"
/usr/bin/make -f CMakeFiles/cmTryCompileExec.dir/build.make CMakeFiles/cmTryCompileExec.dir/build
make[1]: Entering directory `/home/npt/Desktop/veritable-2.0.0/b/CMakeFiles/CMakeTmp'
/usr/bin/cmake -E cmake_progress_report /home/npt/Desktop/veritable-2.0.0/b/CMakeFiles/CMakeTmp/CMakeFiles 1
Building C object CMakeFiles/cmTryCompileExec.dir/CheckFunctionExists.c.obj
/opt/mingw32/bin/i686-w64-mingw32-gcc   -DCHECK_FUNCTION_EXISTS=memcmp -I/opt/mingw32/include   -o CMakeFiles/cmTryCompileExec.dir/CheckFunctionExists.c.obj   -c /usr/share/cmake-2.8/Modules/CheckFunctionExists.c
/usr/share/cmake-2.8/Modules/CheckFunctionExists.c:3:6: warning: conflicting types for built-in function 'memcmp'
Linking C executable cmTryCompileExec.exe
/usr/bin/cmake -E cmake_link_script CMakeFiles/cmTryCompileExec.dir/link.txt --verbose=1
/opt/mingw32/bin/i686-w64-mingw32-gcc     -DCHECK_FUNCTION_EXISTS=memcmp   CMakeFiles/cmTryCompileExec.dir/CheckFunctionExists.c.obj  -o cmTryCompileExec.exe -Wl,--out-implib,libcmTryCompileExec.dll.a -Wl,--major-image-version,0,--minor-image-version,0  -lm -lkernel32 -luser32 -lgdi32 -lwinspool -lshell32 -lole32 -loleaut32 -luuid -lcomdlg32 -ladvapi32 
make[1]: Leaving directory `/home/npt/Desktop/veritable-2.0.0/b/CMakeFiles/CMakeTmp'


Determining if the function memcpy exists passed with the following output:
Change Dir: /home/npt/Desktop/veritable-2.0.0/b/CMakeFiles/CMakeTmp

Run Build Command:/usr/bin/make "cmTryCompileExec/fast"
/usr/bin/make -f CMakeFiles/cmTryCompileExec.dir/build.make CMakeFiles/cmTryCompileExec.dir/build
make[1]: Entering directory `/home/npt/Desktop/veritable-2.0.0/b/CMakeFiles/CMakeTmp'
/usr/bin/cmake -E cmake_progress_report /home/npt/Desktop/veritable-2.0.0/b/CMakeFiles/CMakeTmp/CMakeFiles 1
Building C object CMakeFiles/cmTryCompileExec.dir/CheckFunctionExists.c.obj
/opt/mingw32/bin/i686-w64-mingw32-gcc   -DCHECK_FUNCTION_EXISTS=memcpy -I/opt/mingw32/include   -o CMakeFiles/cmTryCompileExec.dir/CheckFunctionExists.c.obj   -c /usr/share/cmake-2.8/Modules/CheckFunctionExists.c
/usr/share/cmake-2.8/Modules/CheckFunctionExists.c:3:6: warning: conflicting types for built-in function 'memcpy'
Linking C executable cmTryCompileExec.exe
/usr/bin/cmake -E cmake_link_script CMakeFiles/cmTryCompileExec.dir/link.txt --verbose=1
/opt/mingw32/bin/i686-w64-mingw32-gcc     -DCHECK_FUNCTION_EXISTS=memcpy   CMakeFiles/cmTryCompileExec.dir/CheckFunctionExists.c.obj  -o cmTryCompileExec.exe -Wl,--out-implib,libcmTryCompileExec.dll.a -Wl,--major-image-version,0,--minor-image-version,0  -lm -lkernel32 -luser32 -lgdi32 -lwinspool -lshell32 -lole32 -loleaut32 -luuid -lcomdlg32 -ladvapi32 
make[1]: Leaving directory `/home/npt/Desktop/veritable-2.0.0/b/CMakeFiles/CMakeTmp'


Determining if the function memmove exists passed with the following output:
Change Dir: /home/npt/Desktop/veritable-2.0.0/b/CMakeFiles/CMakeTmp

Run Build Command:/usr/bin/make "cmTryCompileExec/fast"
/usr/bin/make -f CMakeFiles/cmTryCompileExec.dir/build.make CMakeFiles/cmTryCompileExec.dir/build
make[1]: Entering directory `/home/npt/Desktop/veritable-2.0.0/b/CMakeFiles/CMakeTmp'
/usr/bin/cmake -E cmake_progress_report /home/npt/Desktop/veritable-2.0.0/b/CMakeFiles/CMakeTmp/CMakeFiles 1
Building C object CMakeFiles/cmTryCompileExec.dir/CheckFunctionExists.c.obj
/opt/mingw32/bin/i686-w64-mingw32-gcc   -DCHECK_FUNCTION_EXISTS=memmove -I/opt/mingw32/include   -o CMakeFiles/cmTryCompileExec.dir/CheckFunctionExists.c.obj   -c /usr/share/cmake-2.8/Modules/CheckFunctionExists.c
/usr/share/cmake-2.8/Modules/CheckFunctionExists.c:3:6: warning: conflicting types for built-in function 'memmove'
Linking C executable cmTryCompileExec.exe
/usr/bin/cmake -E cmake_link_script CMakeFiles/cmTryCompileExec.dir/link.txt --verbose=1
/opt/mingw32/bin/i686-w64-mingw32-gcc     -DCHECK_FUNCTION_EXISTS=memmove   CMakeFiles/cmTryCompileExec.dir/CheckFunctionExists.c.obj  -o cmTryCompileExec.exe -Wl,--out-implib,libcmTryCompileExec.dll.a -Wl,--major-image-version,0,--minor-image-version,0  -lm -lkernel32 -luser32 -lgdi32 -lwinspool -lshell32 -lole32 -loleaut32 -luuid -lcomdlg32 -ladvapi32 
make[1]: Leaving directory `/home/npt/Desktop/veritable-2.0.0/b/CMakeFiles/CMakeTmp'


Determining if the function memset exists passed with the following output:
Change Dir: /home/npt/Desktop/veritable-2.0.0/b/CMakeFiles/CMakeTmp

Run Build Command:/usr/bin/make "cmTryCompileExec/fast"
/usr/bin/make -f CMakeFiles/cmTryCompileExec.dir/build.make CMakeFiles/cmTryCompileExec.dir/build
make[1]: Entering directory `/home/npt/Desktop/veritable-2.0.0/b/CMakeFiles/CMakeTmp'
/usr/bin/cmake -E cmake_progress_report /home/npt/Desktop/veritable-2.0.0/b/CMakeFiles/CMakeTmp/CMakeFiles 1
Building C object CMakeFiles/cmTryCompileExec.dir/CheckFunctionExists.c.obj
/opt/mingw32/bin/i686-w64-mingw32-gcc   -DCHECK_FUNCTION_EXISTS=memset -I/opt/mingw32/include   -o CMakeFiles/cmTryCompileExec.dir/CheckFunctionExists.c.obj   -c /usr/share/cmake-2.8/Modules/CheckFunctionExists.c
/usr/share/cmake-2.8/Modules/CheckFunctionExists.c:3:6: warning: conflicting types for built-in function 'memset'
Linking C executable cmTryCompileExec.exe
/usr/bin/cmake -E cmake_link_script CMakeFiles/cmTryCompileExec.dir/link.txt --verbose=1
/opt/mingw32/bin/i686-w64-mingw32-gcc     -DCHECK_FUNCTION_EXISTS=memset   CMakeFiles/cmTryCompileExec.dir/CheckFunctionExists.c.obj  -o cmTryCompileExec.exe -Wl,--out-implib,libcmTryCompileExec.dll.a -Wl,--major-image-version,0,--minor-image-version,0  -lm -lkernel32 -luser32 -lgdi32 -lwinspool -lshell32 -lole32 -loleaut32 -luuid -lcomdlg32 -ladvapi32 
make[1]: Leaving directory `/home/npt/Desktop/veritable-2.0.0/b/CMakeFiles/CMakeTmp'


Determining if the function pow exists passed with the following output:
Change Dir: /home/npt/Desktop/veritable-2.0.0/b/CMakeFiles/CMakeTmp

Run Build Command:/usr/bin/make "cmTryCompileExec/fast"
/usr/bin/make -f CMakeFiles/cmTryCompileExec.dir/build.make CMakeFiles/cmTryCompileExec.dir/build
make[1]: Entering directory `/home/npt/Desktop/veritable-2.0.0/b/CMakeFiles/CMakeTmp'
/usr/bin/cmake -E cmake_progress_report /home/npt/Desktop/veritable-2.0.0/b/CMakeFiles/CMakeTmp/CMakeFiles 1
Building C object CMakeFiles/cmTryCompileExec.dir/CheckFunctionExists.c.obj
/opt/mingw32/bin/i686-w64-mingw32-gcc   -DCHECK_FUNCTION_EXISTS=pow -I/opt/mingw32/include   -o CMakeFiles/cmTryCompileExec.dir/CheckFunctionExists.c.obj   -c /usr/share/cmake-2.8/Modules/CheckFunctionExists.c
/usr/share/cmake-2.8/Modules/CheckFunctionExists.c:3:6: warning: conflicting types for built-in function 'pow'
Linking C executable cmTryCompileExec.exe
/usr/bin/cmake -E cmake_link_script CMakeFiles/cmTryCompileExec.dir/link.txt --verbose=1
/opt/mingw32/bin/i686-w64-mingw32-gcc     -DCHECK_FUNCTION_EXISTS=pow   CMakeFiles/cmTryCompileExec.dir/CheckFunctionExists.c.obj  -o cmTryCompileExec.exe -Wl,--out-implib,libcmTryCompileExec.dll.a -Wl,--major-image-version,0,--minor-image-version,0  -lm -lkernel32 -luser32 -lgdi32 -lwinspool -lshell32 -lole32 -loleaut32 -luuid -lcomdlg32 -ladvapi32 
make[1]: Leaving directory `/home/npt/Desktop/veritable-2.0.0/b/CMakeFiles/CMakeTmp'


Determining if the function putenv exists passed with the following output:
Change Dir: /home/npt/Desktop/veritable-2.0.0/b/CMakeFiles/CMakeTmp

Run Build Command:/usr/bin/make "cmTryCompileExec/fast"
/usr/bin/make -f CMakeFiles/cmTryCompileExec.dir/build.make CMakeFiles/cmTryCompileExec.dir/build
make[1]: Entering directory `/home/npt/Desktop/veritable-2.0.0/b/CMakeFiles/CMakeTmp'
/usr/bin/cmake -E cmake_progress_report /home/npt/Desktop/veritable-2.0.0/b/CMakeFiles/CMakeTmp/CMakeFiles 1
Building C object CMakeFiles/cmTryCompileExec.dir/CheckFunctionExists.c.obj
/opt/mingw32/bin/i686-w64-mingw32-gcc   -DCHECK_FUNCTION_EXISTS=putenv -I/opt/mingw32/include   -o CMakeFiles/cmTryCompileExec.dir/CheckFunctionExists.c.obj   -c /usr/share/cmake-2.8/Modules/CheckFunctionExists.c
Linking C executable cmTryCompileExec.exe
/usr/bin/cmake -E cmake_link_script CMakeFiles/cmTryCompileExec.dir/link.txt --verbose=1
/opt/mingw32/bin/i686-w64-mingw32-gcc     -DCHECK_FUNCTION_EXISTS=putenv   CMakeFiles/cmTryCompileExec.dir/CheckFunctionExists.c.obj  -o cmTryCompileExec.exe -Wl,--out-implib,libcmTryCompileExec.dll.a -Wl,--major-image-version,0,--minor-image-version,0  -lm -lkernel32 -luser32 -lgdi32 -lwinspool -lshell32 -lole32 -loleaut32 -luuid -lcomdlg32 -ladvapi32 
make[1]: Leaving directory `/home/npt/Desktop/veritable-2.0.0/b/CMakeFiles/CMakeTmp'


Determining if the function strchr exists passed with the following output:
Change Dir: /home/npt/Desktop/veritable-2.0.0/b/CMakeFiles/CMakeTmp

Run Build Command:/usr/bin/make "cmTryCompileExec/fast"
/usr/bin/make -f CMakeFiles/cmTryCompileExec.dir/build.make CMakeFiles/cmTryCompileExec.dir/build
make[1]: Entering directory `/home/npt/Desktop/veritable-2.0.0/b/CMakeFiles/CMakeTmp'
/usr/bin/cmake -E cmake_progress_report /home/npt/Desktop/veritable-2.0.0/b/CMakeFiles/CMakeTmp/CMakeFiles 1
Building C object CMakeFiles/cmTryCompileExec.dir/CheckFunctionExists.c.obj
/opt/mingw32/bin/i686-w64-mingw32-gcc   -DCHECK_FUNCTION_EXISTS=strchr -I/opt/mingw32/include   -o CMakeFiles/cmTryCompileExec.dir/CheckFunctionExists.c.obj   -c /usr/share/cmake-2.8/Modules/CheckFunctionExists.c
/usr/share/cmake-2.8/Modules/CheckFunctionExists.c:3:6: warning: conflicting types for built-in function 'strchr'
Linking C executable cmTryCompileExec.exe
/usr/bin/cmake -E cmake_link_script CMakeFiles/cmTryCompileExec.dir/link.txt --verbose=1
/opt/mingw32/bin/i686-w64-mingw32-gcc     -DCHECK_FUNCTION_EXISTS=strchr   CMakeFiles/cmTryCompileExec.dir/CheckFunctionExists.c.obj  -o cmTryCompileExec.exe -Wl,--out-implib,libcmTryCompileExec.dll.a -Wl,--major-image-version,0,--minor-image-version,0  -lm -lkernel32 -luser32 -lgdi32 -lwinspool -lshell32 -lole32 -loleaut32 -luuid -lcomdlg32 -ladvapi32 
make[1]: Leaving directory `/home/npt/Desktop/veritable-2.0.0/b/CMakeFiles/CMakeTmp'


Determining if the function strdup exists passed with the following output:
Change Dir: /home/npt/Desktop/veritable-2.0.0/b/CMakeFiles/CMakeTmp

Run Build Command:/usr/bin/make "cmTryCompileExec/fast"
/usr/bin/make -f CMakeFiles/cmTryCompileExec.dir/build.make CMakeFiles/cmTryCompileExec.dir/build
make[1]: Entering directory `/home/npt/Desktop/veritable-2.0.0/b/CMakeFiles/CMakeTmp'
/usr/bin/cmake -E cmake_progress_report /home/npt/Desktop/veritable-2.0.0/b/CMakeFiles/CMakeTmp/CMakeFiles 1
Building C object CMakeFiles/cmTryCompileExec.dir/CheckFunctionExists.c.obj
/opt/mingw32/bin/i686-w64-mingw32-gcc   -DCHECK_FUNCTION_EXISTS=strdup -I/opt/mingw32/include   -o CMakeFiles/cmTryCompileExec.dir/CheckFunctionExists.c.obj   -c /usr/share/cmake-2.8/Modules/CheckFunctionExists.c
/usr/share/cmake-2.8/Modules/CheckFunctionExists.c:3:6: warning: conflicting types for built-in function 'strdup'
Linking C executable cmTryCompileExec.exe
/usr/bin/cmake -E cmake_link_script CMakeFiles/cmTryCompileExec.dir/link.txt --verbose=1
/opt/mingw32/bin/i686-w64-mingw32-gcc     -DCHECK_FUNCTION_EXISTS=strdup   CMakeFiles/cmTryCompileExec.dir/CheckFunctionExists.c.obj  -o cmTryCompileExec.exe -Wl,--out-implib,libcmTryCompileExec.dll.a -Wl,--major-image-version,0,--minor-image-version,0  -lm -lkernel32 -luser32 -lgdi32 -lwinspool -lshell32 -lole32 -loleaut32 -luuid -lcomdlg32 -ladvapi32 
make[1]: Leaving directory `/home/npt/Desktop/veritable-2.0.0/b/CMakeFiles/CMakeTmp'


Determining if the function strerror exists passed with the following output:
Change Dir: /home/npt/Desktop/veritable-2.0.0/b/CMakeFiles/CMakeTmp

Run Build Command:/usr/bin/make "cmTryCompileExec/fast"
/usr/bin/make -f CMakeFiles/cmTryCompileExec.dir/build.make CMakeFiles/cmTryCompileExec.dir/build
make[1]: Entering directory `/home/npt/Desktop/veritable-2.0.0/b/CMakeFiles/CMakeTmp'
/usr/bin/cmake -E cmake_progress_report /home/npt/Desktop/veritable-2.0.0/b/CMakeFiles/CMakeTmp/CMakeFiles 1
Building C object CMakeFiles/cmTryCompileExec.dir/CheckFunctionExists.c.obj
/opt/mingw32/bin/i686-w64-mingw32-gcc   -DCHECK_FUNCTION_EXISTS=strerror -I/opt/mingw32/include   -o CMakeFiles/cmTryCompileExec.dir/CheckFunctionExists.c.obj   -c /usr/share/cmake-2.8/Modules/CheckFunctionExists.c
Linking C executable cmTryCompileExec.exe
/usr/bin/cmake -E cmake_link_script CMakeFiles/cmTryCompileExec.dir/link.txt --verbose=1
/opt/mingw32/bin/i686-w64-mingw32-gcc     -DCHECK_FUNCTION_EXISTS=strerror   CMakeFiles/cmTryCompileExec.dir/CheckFunctionExists.c.obj  -o cmTryCompileExec.exe -Wl,--out-implib,libcmTryCompileExec.dll.a -Wl,--major-image-version,0,--minor-image-version,0  -lm -lkernel32 -luser32 -lgdi32 -lwinspool -lshell32 -lole32 -loleaut32 -luuid -lcomdlg32 -ladvapi32 
make[1]: Leaving directory `/home/npt/Desktop/veritable-2.0.0/b/CMakeFiles/CMakeTmp'


Determining if the function strpbrk exists passed with the following output:
Change Dir: /home/npt/Desktop/veritable-2.0.0/b/CMakeFiles/CMakeTmp

Run Build Command:/usr/bin/make "cmTryCompileExec/fast"
/usr/bin/make -f CMakeFiles/cmTryCompileExec.dir/build.make CMakeFiles/cmTryCompileExec.dir/build
make[1]: Entering directory `/home/npt/Desktop/veritable-2.0.0/b/CMakeFiles/CMakeTmp'
/usr/bin/cmake -E cmake_progress_report /home/npt/Desktop/veritable-2.0.0/b/CMakeFiles/CMakeTmp/CMakeFiles 1
Building C object CMakeFiles/cmTryCompileExec.dir/CheckFunctionExists.c.obj
/opt/mingw32/bin/i686-w64-mingw32-gcc   -DCHECK_FUNCTION_EXISTS=strpbrk -I/opt/mingw32/include   -o CMakeFiles/cmTryCompileExec.dir/CheckFunctionExists.c.obj   -c /usr/share/cmake-2.8/Modules/CheckFunctionExists.c
/usr/share/cmake-2.8/Modules/CheckFunctionExists.c:3:6: warning: conflicting types for built-in function 'strpbrk'
Linking C executable cmTryCompileExec.exe
/usr/bin/cmake -E cmake_link_script CMakeFiles/cmTryCompileExec.dir/link.txt --verbose=1
/opt/mingw32/bin/i686-w64-mingw32-gcc     -DCHECK_FUNCTION_EXISTS=strpbrk   CMakeFiles/cmTryCompileExec.dir/CheckFunctionExists.c.obj  -o cmTryCompileExec.exe -Wl,--out-implib,libcmTryCompileExec.dll.a -Wl,--major-image-version,0,--minor-image-version,0  -lm -lkernel32 -luser32 -lgdi32 -lwinspool -lshell32 -lole32 -loleaut32 -luuid -lcomdlg32 -ladvapi32 
make[1]: Leaving directory `/home/npt/Desktop/veritable-2.0.0/b/CMakeFiles/CMakeTmp'


Determining if the function strrchr exists passed with the following output:
Change Dir: /home/npt/Desktop/veritable-2.0.0/b/CMakeFiles/CMakeTmp

Run Build Command:/usr/bin/make "cmTryCompileExec/fast"
/usr/bin/make -f CMakeFiles/cmTryCompileExec.dir/build.make CMakeFiles/cmTryCompileExec.dir/build
make[1]: Entering directory `/home/npt/Desktop/veritable-2.0.0/b/CMakeFiles/CMakeTmp'
/usr/bin/cmake -E cmake_progress_report /home/npt/Desktop/veritable-2.0.0/b/CMakeFiles/CMakeTmp/CMakeFiles 1
Building C object CMakeFiles/cmTryCompileExec.dir/CheckFunctionExists.c.obj
/opt/mingw32/bin/i686-w64-mingw32-gcc   -DCHECK_FUNCTION_EXISTS=strrchr -I/opt/mingw32/include   -o CMakeFiles/cmTryCompileExec.dir/CheckFunctionExists.c.obj   -c /usr/share/cmake-2.8/Modules/CheckFunctionExists.c
/usr/share/cmake-2.8/Modules/CheckFunctionExists.c:3:6: warning: conflicting types for built-in function 'strrchr'
Linking C executable cmTryCompileExec.exe
/usr/bin/cmake -E cmake_link_script CMakeFiles/cmTryCompileExec.dir/link.txt --verbose=1
/opt/mingw32/bin/i686-w64-mingw32-gcc     -DCHECK_FUNCTION_EXISTS=strrchr   CMakeFiles/cmTryCompileExec.dir/CheckFunctionExists.c.obj  -o cmTryCompileExec.exe -Wl,--out-implib,libcmTryCompileExec.dll.a -Wl,--major-image-version,0,--minor-image-version,0  -lm -lkernel32 -luser32 -lgdi32 -lwinspool -lshell32 -lole32 -loleaut32 -luuid -lcomdlg32 -ladvapi32 
make[1]: Leaving directory `/home/npt/Desktop/veritable-2.0.0/b/CMakeFiles/CMakeTmp'


Determining if the function strstr exists passed with the following output:
Change Dir: /home/npt/Desktop/veritable-2.0.0/b/CMakeFiles/CMakeTmp

Run Build Command:/usr/bin/make "cmTryCompileExec/fast"
/usr/bin/make -f CMakeFiles/cmTryCompileExec.dir/build.make CMakeFiles/cmTryCompileExec.dir/build
make[1]: Entering directory `/home/npt/Desktop/veritable-2.0.0/b/CMakeFiles/CMakeTmp'
/usr/bin/cmake -E cmake_progress_report /home/npt/Desktop/veritable-2.0.0/b/CMakeFiles/CMakeTmp/CMakeFiles 1
Building C object CMakeFiles/cmTryCompileExec.dir/CheckFunctionExists.c.obj
/opt/mingw32/bin/i686-w64-mingw32-gcc   -DCHECK_FUNCTION_EXISTS=strstr -I/opt/mingw32/include   -o CMakeFiles/cmTryCompileExec.dir/CheckFunctionExists.c.obj   -c /usr/share/cmake-2.8/Modules/CheckFunctionExists.c
/usr/share/cmake-2.8/Modules/CheckFunctionExists.c:3:6: warning: conflicting types for built-in function 'strstr'
Linking C executable cmTryCompileExec.exe
/usr/bin/cmake -E cmake_link_script CMakeFiles/cmTryCompileExec.dir/link.txt --verbose=1
/opt/mingw32/bin/i686-w64-mingw32-gcc     -DCHECK_FUNCTION_EXISTS=strstr   CMakeFiles/cmTryCompileExec.dir/CheckFunctionExists.c.obj  -o cmTryCompileExec.exe -Wl,--out-implib,libcmTryCompileExec.dll.a -Wl,--major-image-version,0,--minor-image-version,0  -lm -lkernel32 -luser32 -lgdi32 -lwinspool -lshell32 -lole32 -loleaut32 -luuid -lcomdlg32 -ladvapi32 
make[1]: Leaving directory `/home/npt/Desktop/veritable-2.0.0/b/CMakeFiles/CMakeTmp'


Determining if the Q_WS_WIN exist passed with the following output:
Change Dir: /home/npt/Desktop/veritable-2.0.0/b/CMakeFiles/CMakeTmp

Run Build Command:/usr/bin/make "cmTryCompileExec/fast"
/usr/bin/make -f CMakeFiles/cmTryCompileExec.dir/build.make CMakeFiles/cmTryCompileExec.dir/build
make[1]: Entering directory `/home/npt/Desktop/veritable-2.0.0/b/CMakeFiles/CMakeTmp'
/usr/bin/cmake -E cmake_progress_report /home/npt/Desktop/veritable-2.0.0/b/CMakeFiles/CMakeTmp/CMakeFiles 1
Building C object CMakeFiles/cmTryCompileExec.dir/CheckSymbolExists.c.obj
/opt/mingw32/bin/i686-w64-mingw32-gcc   -I/opt/mingw32/include -I/opt/mingw32/include/qt4   -o CMakeFiles/cmTryCompileExec.dir/CheckSymbolExists.c.obj   -c /home/npt/Desktop/veritable-2.0.0/b/CMakeFiles/CMakeTmp/CheckSymbolExists.c
Linking C executable cmTryCompileExec.exe
/usr/bin/cmake -E cmake_link_script CMakeFiles/cmTryCompileExec.dir/link.txt --verbose=1
/opt/mingw32/bin/i686-w64-mingw32-gcc        CMakeFiles/cmTryCompileExec.dir/CheckSymbolExists.c.obj  -o cmTryCompileExec.exe -Wl,--out-implib,libcmTryCompileExec.dll.a -Wl,--major-image-version,0,--minor-image-version,0  -lm -lkernel32 -luser32 -lgdi32 -lwinspool -lshell32 -lole32 -loleaut32 -luuid -lcomdlg32 -ladvapi32 
make[1]: Leaving directory `/home/npt/Desktop/veritable-2.0.0/b/CMakeFiles/CMakeTmp'

File /home/npt/Desktop/veritable-2.0.0/b/CMakeFiles/CMakeTmp/CheckSymbolExists.c:
/* */
#include <QtCore/qglobal.h>

void cmakeRequireSymbol(int dummy,...){(void)dummy;}
int main()
{
#ifndef Q_WS_WIN
  cmakeRequireSymbol(0,&Q_WS_WIN);
#endif
  return 0;
}

